Startpoint: _19561_ (rising edge-triggered flip-flop clocked by clk)
Endpoint: _19560_ (rising edge-triggered flip-flop clocked by clk)
Path Group: clk
Path Type: min

Fanout       Cap      Slew     Delay      Time   Description
-------------------------------------------------------------------------------------
                    0.0000    0.0000    0.0000   clock clk (rise edge)
                              0.0000    0.0000   clock network delay (ideal)
                    0.0000    0.0000    0.0000 ^ _19561_/CLK (sky130_fd_sc_hd__dfxtp_4)
                    0.0224    0.1981    0.1981 ^ _19561_/Q (sky130_fd_sc_hd__dfxtp_4)
     1    0.0017                                 CPU_reset_a2 (net)
                    0.0224    0.0000    0.1981 ^ _19560_/D (sky130_fd_sc_hd__dfxtp_4)
                                        0.1981   data arrival time

                    0.0000    0.0000    0.0000   clock clk (rise edge)
                              0.0000    0.0000   clock network delay (ideal)
                              0.0000    0.0000   clock reconvergence pessimism
                                        0.0000 ^ _19560_/CLK (sky130_fd_sc_hd__dfxtp_4)
                             -0.0189   -0.0189   library hold time
                                       -0.0189   data required time
-------------------------------------------------------------------------------------
                                       -0.0189   data required time
                                       -0.1981   data arrival time
-------------------------------------------------------------------------------------
                                        0.2170   slack (MET)


Startpoint: _19483_ (rising edge-triggered flip-flop clocked by clk)
Endpoint: _19843_ (rising edge-triggered flip-flop clocked by clk)
Path Group: clk
Path Type: max

Fanout       Cap      Slew     Delay      Time   Description
-------------------------------------------------------------------------------------
                    0.0000    0.0000    0.0000   clock clk (rise edge)
                              0.0000    0.0000   clock network delay (ideal)
                    0.0000    0.0000    0.0000 ^ _19483_/CLK (sky130_fd_sc_hd__dfxtp_4)
                    0.0404    0.2158    0.2158 ^ _19483_/Q (sky130_fd_sc_hd__dfxtp_4)
     3    0.0118                                 CPU_src2_value_a3[1] (net)
                    0.0404    0.0000    0.2158 ^ _12000_/A (sky130_fd_sc_hd__inv_2)
                    0.0285    0.0327    0.2486 v _12000_/Y (sky130_fd_sc_hd__inv_2)
     3    0.0117                                 _06468_ (net)
                    0.0285    0.0000    0.2486 v _12003_/A (sky130_fd_sc_hd__or2_4)
                    0.0405    0.1462    0.3947 v _12003_/X (sky130_fd_sc_hd__or2_4)
     2    0.0090                                 _06471_ (net)
                    0.0405    0.0000    0.3947 v _12004_/B1 (sky130_fd_sc_hd__o21a_4)
                    0.0353    0.0772    0.4720 v _12004_/X (sky130_fd_sc_hd__o21a_4)
     2    0.0111                                 _06472_ (net)
                    0.0353    0.0000    0.4720 v _12005_/B (sky130_fd_sc_hd__or2_4)
                    0.0409    0.1361    0.6081 v _12005_/X (sky130_fd_sc_hd__or2_4)
     2    0.0090                                 _06473_ (net)
                    0.0409    0.0000    0.6081 v _12006_/B1 (sky130_fd_sc_hd__o21a_4)
                    0.0431    0.0851    0.6931 v _12006_/X (sky130_fd_sc_hd__o21a_4)
     3    0.0179                                 _06474_ (net)
                    0.0431    0.0000    0.6931 v _12007_/B2 (sky130_fd_sc_hd__o22a_4)
                    0.0462    0.1228    0.8159 v _12007_/X (sky130_fd_sc_hd__o22a_4)
     3    0.0179                                 _06475_ (net)
                    0.0462    0.0000    0.8159 v _12008_/B2 (sky130_fd_sc_hd__o22a_4)
                    0.0431    0.1200    0.9359 v _12008_/X (sky130_fd_sc_hd__o22a_4)
     3    0.0153                                 _06476_ (net)
                    0.0431    0.0000    0.9359 v _12009_/D (sky130_fd_sc_hd__or4_4)
                    0.0581    0.2174    1.1533 v _12009_/X (sky130_fd_sc_hd__or4_4)
     1    0.0023                                 _06477_ (net)
                    0.0581    0.0000    1.1533 v _12010_/D (sky130_fd_sc_hd__and4_4)
                    0.0441    0.1399    1.2932 v _12010_/X (sky130_fd_sc_hd__and4_4)
     4    0.0182                                 _06478_ (net)
                    0.0441    0.0000    1.2932 v _12011_/C (sky130_fd_sc_hd__or3_4)
                    0.0448    0.1748    1.4680 v _12011_/X (sky130_fd_sc_hd__or3_4)
     1    0.0023                                 _06479_ (net)
                    0.0448    0.0000    1.4680 v _12012_/D (sky130_fd_sc_hd__and4_4)
                    0.0441    0.1352    1.6032 v _12012_/X (sky130_fd_sc_hd__and4_4)
     4    0.0182                                 _06480_ (net)
                    0.0441    0.0000    1.6032 v _12013_/C (sky130_fd_sc_hd__or3_4)
                    0.0448    0.1748    1.7780 v _12013_/X (sky130_fd_sc_hd__or3_4)
     1    0.0023                                 _06481_ (net)
                    0.0448    0.0000    1.7780 v _12014_/D (sky130_fd_sc_hd__and4_4)
                    0.0410    0.1312    1.9091 v _12014_/X (sky130_fd_sc_hd__and4_4)
     3    0.0153                                 _06482_ (net)
                    0.0410    0.0000    1.9091 v _12015_/D (sky130_fd_sc_hd__or4_4)
                    0.0581    0.2170    2.1261 v _12015_/X (sky130_fd_sc_hd__or4_4)
     1    0.0023                                 _06483_ (net)
                    0.0581    0.0000    2.1261 v _12016_/D (sky130_fd_sc_hd__and4_4)
                    0.0388    0.1330    2.2591 v _12016_/X (sky130_fd_sc_hd__and4_4)
     3    0.0133                                 _06484_ (net)
                    0.0388    0.0000    2.2591 v _12017_/C (sky130_fd_sc_hd__or3_4)
                    0.0447    0.1738    2.4329 v _12017_/X (sky130_fd_sc_hd__or3_4)
     1    0.0024                                 _06485_ (net)
                    0.0447    0.0000    2.4329 v _12018_/C (sky130_fd_sc_hd__and3_4)
                    0.0345    0.1179    2.5509 v _12018_/X (sky130_fd_sc_hd__and3_4)
     2    0.0111                                 _06486_ (net)
                    0.0345    0.0000    2.5509 v _12019_/B (sky130_fd_sc_hd__or2_4)
                    0.0408    0.1359    2.6868 v _12019_/X (sky130_fd_sc_hd__or2_4)
     2    0.0090                                 _06487_ (net)
                    0.0408    0.0000    2.6868 v _12020_/B1 (sky130_fd_sc_hd__o21a_4)
                    0.0381    0.0801    2.7669 v _12020_/X (sky130_fd_sc_hd__o21a_4)
     2    0.0136                                 _06488_ (net)
                    0.0381    0.0000    2.7669 v _12032_/A1 (sky130_fd_sc_hd__o21a_4)
                    0.0271    0.1194    2.8863 v _12032_/X (sky130_fd_sc_hd__o21a_4)
     1    0.0043                                 _06500_ (net)
                    0.0271    0.0000    2.8863 v _12033_/B2 (sky130_fd_sc_hd__a32o_4)
                    0.0444    0.1101    2.9964 v _12033_/X (sky130_fd_sc_hd__a32o_4)
     3    0.0140                                 _06501_ (net)
                    0.0444    0.0000    2.9964 v _12034_/B2 (sky130_fd_sc_hd__o22a_4)
                    0.0296    0.1035    3.0999 v _12034_/X (sky130_fd_sc_hd__o22a_4)
     1    0.0045                                 _06502_ (net)
                    0.0296    0.0000    3.0999 v _12035_/A (sky130_fd_sc_hd__inv_2)
                    0.0522    0.0500    3.1499 ^ _12035_/Y (sky130_fd_sc_hd__inv_2)
     6    0.0148                                 _06503_ (net)
                    0.0522    0.0000    3.1499 ^ _15469_/A (sky130_fd_sc_hd__buf_2)
                    0.1028    0.1282    3.2781 ^ _15469_/X (sky130_fd_sc_hd__buf_2)
     6    0.0283                                 _09132_ (net)
                    0.1028    0.0000    3.2781 ^ _15617_/A1 (sky130_fd_sc_hd__a211o_4)
                    0.0271    0.0937    3.3718 ^ _15617_/X (sky130_fd_sc_hd__a211o_4)
     1    0.0048                                 _09248_ (net)
                    0.0271    0.0000    3.3718 ^ _15618_/A (sky130_fd_sc_hd__inv_2)
                    0.0101    0.0139    3.3857 v _15618_/Y (sky130_fd_sc_hd__inv_2)
     1    0.0017                                 _00173_ (net)
                    0.0101    0.0000    3.3857 v _19843_/D (sky130_fd_sc_hd__dfxtp_4)
                                        3.3857   data arrival time

                    0.0000   10.0000   10.0000   clock clk (rise edge)
                              0.0000   10.0000   clock network delay (ideal)
                              0.0000   10.0000   clock reconvergence pessimism
                                       10.0000 ^ _19843_/CLK (sky130_fd_sc_hd__dfxtp_4)
                             -0.0568    9.9432   library setup time
                                        9.9432   data required time
-------------------------------------------------------------------------------------
                                        9.9432   data required time
                                       -3.3857   data arrival time
-------------------------------------------------------------------------------------
                                        6.5575   slack (MET)


