Startpoint: _19561_ (rising edge-triggered flip-flop clocked by clk)
Endpoint: _19560_ (rising edge-triggered flip-flop clocked by clk)
Path Group: clk
Path Type: min

Fanout       Cap      Slew     Delay      Time   Description
-------------------------------------------------------------------------------------
                    0.0000    0.0000    0.0000   clock clk (rise edge)
                              0.0000    0.0000   clock network delay (ideal)
                    0.0000    0.0000    0.0000 ^ _19561_/CLK (sky130_fd_sc_hd__dfxtp_4)
                    0.0707    0.9624    0.9624 v _19561_/Q (sky130_fd_sc_hd__dfxtp_4)
     1    0.0013                                 CPU_reset_a2 (net)
                    0.0707    0.0000    0.9624 v _19560_/D (sky130_fd_sc_hd__dfxtp_4)
                                        0.9624   data arrival time

                    0.0000    0.0000    0.0000   clock clk (rise edge)
                              0.0000    0.0000   clock network delay (ideal)
                              0.0000    0.0000   clock reconvergence pessimism
                                        0.0000 ^ _19560_/CLK (sky130_fd_sc_hd__dfxtp_4)
                             -0.1728   -0.1728   library hold time
                                       -0.1728   data required time
-------------------------------------------------------------------------------------
                                       -0.1728   data required time
                                       -0.9624   data arrival time
-------------------------------------------------------------------------------------
                                        1.1352   slack (MET)


Startpoint: _19483_ (rising edge-triggered flip-flop clocked by clk)
Endpoint: _19715_ (rising edge-triggered flip-flop clocked by clk)
Path Group: clk
Path Type: max

Fanout       Cap      Slew     Delay      Time   Description
-------------------------------------------------------------------------------------
                    0.0000    0.0000    0.0000   clock clk (rise edge)
                              0.0000    0.0000   clock network delay (ideal)
                    0.0000    0.0000    0.0000 ^ _19483_/CLK (sky130_fd_sc_hd__dfxtp_4)
                    0.1434    1.1253    1.1253 ^ _19483_/Q (sky130_fd_sc_hd__dfxtp_4)
     3    0.0099                                 CPU_src2_value_a3[1] (net)
                    0.1434    0.0000    1.1253 ^ _12000_/A (sky130_fd_sc_hd__inv_2)
                    0.0542    0.1215    1.2468 v _12000_/Y (sky130_fd_sc_hd__inv_2)
     3    0.0099                                 _06468_ (net)
                    0.0542    0.0000    1.2468 v _12003_/A (sky130_fd_sc_hd__or2_4)
                    0.1520    0.9858    2.2326 v _12003_/X (sky130_fd_sc_hd__or2_4)
     2    0.0075                                 _06471_ (net)
                    0.1520    0.0000    2.2326 v _12004_/B1 (sky130_fd_sc_hd__o21a_4)
                    0.1107    0.4474    2.6799 v _12004_/X (sky130_fd_sc_hd__o21a_4)
     2    0.0094                                 _06472_ (net)
                    0.1107    0.0000    2.6799 v _12005_/B (sky130_fd_sc_hd__or2_4)
                    0.1520    0.9635    3.6434 v _12005_/X (sky130_fd_sc_hd__or2_4)
     2    0.0075                                 _06473_ (net)
                    0.1520    0.0000    3.6434 v _12006_/B1 (sky130_fd_sc_hd__o21a_4)
                    0.1262    0.4669    4.1103 v _12006_/X (sky130_fd_sc_hd__o21a_4)
     3    0.0150                                 _06474_ (net)
                    0.1262    0.0000    4.1103 v _12007_/B2 (sky130_fd_sc_hd__o22a_4)
                    0.1464    0.8595    4.9698 v _12007_/X (sky130_fd_sc_hd__o22a_4)
     3    0.0150                                 _06475_ (net)
                    0.1464    0.0000    4.9698 v _12008_/B2 (sky130_fd_sc_hd__o22a_4)
                    0.1395    0.8591    5.8289 v _12008_/X (sky130_fd_sc_hd__o22a_4)
     3    0.0129                                 _06476_ (net)
                    0.1395    0.0000    5.8289 v _12009_/D (sky130_fd_sc_hd__or4_4)
                    0.3015    2.0740    7.9030 v _12009_/X (sky130_fd_sc_hd__or4_4)
     1    0.0020                                 _06477_ (net)
                    0.3015    0.0000    7.9030 v _12010_/D (sky130_fd_sc_hd__and4_4)
                    0.1224    0.8773    8.7803 v _12010_/X (sky130_fd_sc_hd__and4_4)
     4    0.0153                                 _06478_ (net)
                    0.1224    0.0000    8.7803 v _12011_/C (sky130_fd_sc_hd__or3_4)
                    0.2196    1.5155   10.2958 v _12011_/X (sky130_fd_sc_hd__or3_4)
     1    0.0020                                 _06479_ (net)
                    0.2196    0.0000   10.2958 v _12012_/D (sky130_fd_sc_hd__and4_4)
                    0.1225    0.8246   11.1204 v _12012_/X (sky130_fd_sc_hd__and4_4)
     4    0.0153                                 _06480_ (net)
                    0.1225    0.0000   11.1204 v _12013_/C (sky130_fd_sc_hd__or3_4)
                    0.2197    1.5156   12.6360 v _12013_/X (sky130_fd_sc_hd__or3_4)
     1    0.0020                                 _06481_ (net)
                    0.2197    0.0000   12.6360 v _12014_/D (sky130_fd_sc_hd__and4_4)
                    0.1163    0.8143   13.4503 v _12014_/X (sky130_fd_sc_hd__and4_4)
     3    0.0129                                 _06482_ (net)
                    0.1163    0.0000   13.4503 v _12015_/D (sky130_fd_sc_hd__or4_4)
                    0.3017    2.0649   15.5152 v _12015_/X (sky130_fd_sc_hd__or4_4)
     1    0.0020                                 _06483_ (net)
                    0.3017    0.0000   15.5152 v _12016_/D (sky130_fd_sc_hd__and4_4)
                    0.1118    0.8597   16.3749 v _12016_/X (sky130_fd_sc_hd__and4_4)
     3    0.0112                                 _06484_ (net)
                    0.1118    0.0000   16.3749 v _12017_/C (sky130_fd_sc_hd__or3_4)
                    0.2190    1.5114   17.8862 v _12017_/X (sky130_fd_sc_hd__or3_4)
     1    0.0020                                 _06485_ (net)
                    0.2190    0.0000   17.8862 v _12018_/C (sky130_fd_sc_hd__and3_4)
                    0.1041    0.7535   18.6398 v _12018_/X (sky130_fd_sc_hd__and3_4)
     2    0.0094                                 _06486_ (net)
                    0.1041    0.0000   18.6398 v _12019_/B (sky130_fd_sc_hd__or2_4)
                    0.1519    0.9599   19.5997 v _12019_/X (sky130_fd_sc_hd__or2_4)
     2    0.0075                                 _06487_ (net)
                    0.1519    0.0000   19.5997 v _12020_/B1 (sky130_fd_sc_hd__o21a_4)
                    0.1160    0.4541   20.0538 v _12020_/X (sky130_fd_sc_hd__o21a_4)
     2    0.0113                                 _06488_ (net)
                    0.1160    0.0000   20.0538 v _12032_/A1 (sky130_fd_sc_hd__o21a_4)
                    0.0940    0.8319   20.8858 v _12032_/X (sky130_fd_sc_hd__o21a_4)
     1    0.0037                                 _06500_ (net)
                    0.0940    0.0000   20.8858 v _12033_/B2 (sky130_fd_sc_hd__a32o_4)
                    0.1314    0.9758   21.8615 v _12033_/X (sky130_fd_sc_hd__a32o_4)
     3    0.0119                                 _06501_ (net)
                    0.1314    0.0000   21.8615 v _12034_/B2 (sky130_fd_sc_hd__o22a_4)
                    0.1092    0.7991   22.6606 v _12034_/X (sky130_fd_sc_hd__o22a_4)
     1    0.0037                                 _06502_ (net)
                    0.1092    0.0000   22.6606 v _12035_/A (sky130_fd_sc_hd__inv_2)
                    0.1898    0.2271   22.8877 ^ _12035_/Y (sky130_fd_sc_hd__inv_2)
     6    0.0121                                 _06503_ (net)
                    0.1898    0.0000   22.8877 ^ _15469_/A (sky130_fd_sc_hd__buf_2)
                    0.3924    0.5317   23.4195 ^ _15469_/X (sky130_fd_sc_hd__buf_2)
     6    0.0242                                 _09132_ (net)
                    0.3924    0.0000   23.4195 ^ _16068_/A1 (sky130_fd_sc_hd__a211o_4)
                    0.0831    0.4370   23.8564 ^ _16068_/X (sky130_fd_sc_hd__a211o_4)
     1    0.0041                                 _09571_ (net)
                    0.0831    0.0000   23.8564 ^ _16069_/A (sky130_fd_sc_hd__inv_2)
                    0.0174    0.0610   23.9174 v _16069_/Y (sky130_fd_sc_hd__inv_2)
     1    0.0013                                 _00045_ (net)
                    0.0174    0.0000   23.9174 v _19715_/D (sky130_fd_sc_hd__dfxtp_4)
                                       23.9174   data arrival time

                    0.0000   10.0000   10.0000   clock clk (rise edge)
                              0.0000   10.0000   clock network delay (ideal)
                              0.0000   10.0000   clock reconvergence pessimism
                                       10.0000 ^ _19715_/CLK (sky130_fd_sc_hd__dfxtp_4)
                             -0.6411    9.3589   library setup time
                                        9.3589   data required time
-------------------------------------------------------------------------------------
                                        9.3589   data required time
                                      -23.9174   data arrival time
-------------------------------------------------------------------------------------
                                      -14.5585   slack (VIOLATED)


