Startpoint: _19450_ (rising edge-triggered flip-flop clocked by clk)
Endpoint: _20772_ (rising edge-triggered flip-flop clocked by clk)
Path Group: clk
Path Type: min

Fanout       Cap      Slew     Delay      Time   Description
-------------------------------------------------------------------------------------
                              0.0000    0.0000   clock clk (rise edge)
                              0.9380    0.9380   clock network delay (propagated)
                    0.0890    0.0000    0.9380 ^ _19450_/CLK (sky130_fd_sc_hd__dfxtp_4)
                    0.0888    0.3087    1.2468 ^ _19450_/Q (sky130_fd_sc_hd__dfxtp_4)
     4    0.0318                                 CPU_dmem_wr_data_a4[0] (net)
                    0.0890    0.0034    1.2502 ^ _11372_/A1 (sky130_fd_sc_hd__a211o_4)
                    0.0175    0.0887    1.3388 ^ _11372_/X (sky130_fd_sc_hd__a211o_4)
     1    0.0024                                 _01102_ (net)
                    0.0175    0.0000    1.3389 ^ _20772_/D (sky130_fd_sc_hd__dfxtp_4)
                                        1.3389   data arrival time

                              0.0000    0.0000   clock clk (rise edge)
                              1.2383    1.2383   clock network delay (propagated)
                              0.0000    1.2383   clock reconvergence pessimism
                                        1.2383 ^ _20772_/CLK (sky130_fd_sc_hd__dfxtp_4)
                             -0.0057    1.2326   library hold time
                                        1.2326   data required time
-------------------------------------------------------------------------------------
                                        1.2326   data required time
                                       -1.3389   data arrival time
-------------------------------------------------------------------------------------
                                        0.1063   slack (MET)


Startpoint: _19515_ (rising edge-triggered flip-flop clocked by clk)
Endpoint: _20291_ (rising edge-triggered flip-flop clocked by clk)
Path Group: clk
Path Type: max

Fanout       Cap      Slew     Delay      Time   Description
-------------------------------------------------------------------------------------
                              0.0000    0.0000   clock clk (rise edge)
                              1.0020    1.0020   clock network delay (propagated)
                    0.1298    0.0000    1.0020 ^ _19515_/CLK (sky130_fd_sc_hd__dfxtp_4)
                    0.0313    0.2843    1.2863 v _19515_/Q (sky130_fd_sc_hd__dfxtp_4)
     5    0.0094                                 CPU_src1_value_a3[1] (net)
                    0.0313    0.0002    1.2865 v _12003_/B (sky130_fd_sc_hd__or2_4)
                    0.0447    0.1809    1.4674 v _12003_/X (sky130_fd_sc_hd__or2_4)
     2    0.0100                                 _06471_ (net)
                    0.0447    0.0001    1.4675 v _12004_/B1 (sky130_fd_sc_hd__o21a_4)
                    0.0355    0.0972    1.5647 v _12004_/X (sky130_fd_sc_hd__o21a_4)
     2    0.0112                                 _06472_ (net)
                    0.0355    0.0001    1.5647 v _12005_/B (sky130_fd_sc_hd__or2_4)
                    0.0395    0.1727    1.7375 v _12005_/X (sky130_fd_sc_hd__or2_4)
     2    0.0049                                 _06473_ (net)
                    0.0395    0.0000    1.7375 v _12006_/B1 (sky130_fd_sc_hd__o21a_4)
                    0.0349    0.0939    1.8314 v _12006_/X (sky130_fd_sc_hd__o21a_4)
     3    0.0105                                 _06474_ (net)
                    0.0349    0.0002    1.8316 v _12007_/B2 (sky130_fd_sc_hd__o22a_4)
                    0.0457    0.1578    1.9894 v _12007_/X (sky130_fd_sc_hd__o22a_4)
     3    0.0181                                 _06475_ (net)
                    0.0457    0.0002    1.9896 v _12008_/B2 (sky130_fd_sc_hd__o22a_4)
                    0.0433    0.1581    2.1477 v _12008_/X (sky130_fd_sc_hd__o22a_4)
     3    0.0157                                 _06476_ (net)
                    0.0433    0.0002    2.1479 v _12009_/D (sky130_fd_sc_hd__or4_4)
                    0.0682    0.3114    2.4592 v _12009_/X (sky130_fd_sc_hd__or4_4)
     1    0.0036                                 _06477_ (net)
                    0.0682    0.0001    2.4593 v _12010_/D (sky130_fd_sc_hd__and4_4)
                    0.0484    0.1897    2.6490 v _12010_/X (sky130_fd_sc_hd__and4_4)
     4    0.0241                                 _06478_ (net)
                    0.0485    0.0013    2.6503 v _12011_/C (sky130_fd_sc_hd__or3_4)
                    0.0514    0.2440    2.8944 v _12011_/X (sky130_fd_sc_hd__or3_4)
     1    0.0027                                 _06479_ (net)
                    0.0514    0.0000    2.8944 v _12012_/D (sky130_fd_sc_hd__and4_4)
                    0.0469    0.1802    3.0746 v _12012_/X (sky130_fd_sc_hd__and4_4)
     4    0.0223                                 _06480_ (net)
                    0.0469    0.0008    3.0754 v _12013_/C (sky130_fd_sc_hd__or3_4)
                    0.0529    0.2468    3.3222 v _12013_/X (sky130_fd_sc_hd__or3_4)
     1    0.0037                                 _06481_ (net)
                    0.0529    0.0000    3.3222 v _12014_/D (sky130_fd_sc_hd__and4_4)
                    0.0455    0.1784    3.5006 v _12014_/X (sky130_fd_sc_hd__and4_4)
     3    0.0202                                 _06482_ (net)
                    0.0455    0.0018    3.5024 v _12015_/D (sky130_fd_sc_hd__or4_4)
                    0.0670    0.3096    3.8120 v _12015_/X (sky130_fd_sc_hd__or4_4)
     1    0.0030                                 _06483_ (net)
                    0.0670    0.0000    3.8120 v _12016_/D (sky130_fd_sc_hd__and4_4)
                    0.0423    0.1818    3.9937 v _12016_/X (sky130_fd_sc_hd__and4_4)
     3    0.0167                                 _06484_ (net)
                    0.0423    0.0005    3.9942 v _12017_/C (sky130_fd_sc_hd__or3_4)
                    0.0511    0.2417    4.2360 v _12017_/X (sky130_fd_sc_hd__or3_4)
     1    0.0026                                 _06485_ (net)
                    0.0511    0.0000    4.2360 v _12018_/C (sky130_fd_sc_hd__and3_4)
                    0.0384    0.1598    4.3958 v _12018_/X (sky130_fd_sc_hd__and3_4)
     2    0.0144                                 _06486_ (net)
                    0.0385    0.0005    4.3963 v _12019_/B (sky130_fd_sc_hd__or2_4)
                    0.0398    0.1742    4.5705 v _12019_/X (sky130_fd_sc_hd__or2_4)
     2    0.0051                                 _06487_ (net)
                    0.0398    0.0000    4.5706 v _12020_/B1 (sky130_fd_sc_hd__o21a_4)
                    0.0377    0.0974    4.6680 v _12020_/X (sky130_fd_sc_hd__o21a_4)
     2    0.0133                                 _06488_ (net)
                    0.0377    0.0001    4.6680 v _12032_/A1 (sky130_fd_sc_hd__o21a_4)
                    0.0288    0.1615    4.8295 v _12032_/X (sky130_fd_sc_hd__o21a_4)
     1    0.0043                                 _06500_ (net)
                    0.0288    0.0000    4.8295 v _12033_/B2 (sky130_fd_sc_hd__a32o_4)
                    0.0430    0.1380    4.9675 v _12033_/X (sky130_fd_sc_hd__a32o_4)
     3    0.0153                                 _06501_ (net)
                    0.0431    0.0014    4.9689 v _12034_/B2 (sky130_fd_sc_hd__o22a_4)
                    0.0319    0.1395    5.1085 v _12034_/X (sky130_fd_sc_hd__o22a_4)
     1    0.0048                                 _06502_ (net)
                    0.0319    0.0000    5.1085 v _12035_/A (sky130_fd_sc_hd__inv_2)
                    0.1708    0.1371    5.2456 ^ _12035_/Y (sky130_fd_sc_hd__inv_2)
     6    0.0419                                 _06503_ (net)
                    0.1712    0.0065    5.2520 ^ _13296_/A (sky130_fd_sc_hd__buf_2)
                    0.1600    0.2042    5.4563 ^ _13296_/X (sky130_fd_sc_hd__buf_2)
     6    0.0366                                 _07535_ (net)
                    0.1600    0.0003    5.4566 ^ _13917_/A1 (sky130_fd_sc_hd__a211o_4)
                    0.0283    0.1097    5.5663 ^ _13917_/X (sky130_fd_sc_hd__a211o_4)
     1    0.0053                                 _07996_ (net)
                    0.0283    0.0000    5.5664 ^ _13918_/A (sky130_fd_sc_hd__inv_2)
                    0.0093    0.0146    5.5810 v _13918_/Y (sky130_fd_sc_hd__inv_2)
     1    0.0019                                 _00621_ (net)
                    0.0093    0.0000    5.5810 v _20291_/D (sky130_fd_sc_hd__dfxtp_4)
                                        5.5810   data arrival time

                             10.0000   10.0000   clock clk (rise edge)
                              0.8203   10.8203   clock network delay (propagated)
                              0.0000   10.8203   clock reconvergence pessimism
                                       10.8203 ^ _20291_/CLK (sky130_fd_sc_hd__dfxtp_4)
                             -0.0698   10.7505   library setup time
                                       10.7505   data required time
-------------------------------------------------------------------------------------
                                       10.7505   data required time
                                       -5.5810   data arrival time
-------------------------------------------------------------------------------------
                                        5.1695   slack (MET)


