Startpoint: _19450_ (rising edge-triggered flip-flop clocked by clk)
Endpoint: _20772_ (rising edge-triggered flip-flop clocked by clk)
Path Group: clk
Path Type: min

Fanout       Cap      Slew     Delay      Time   Description
-------------------------------------------------------------------------------------
                              0.0000    0.0000   clock clk (rise edge)
                              1.0640    1.0640   clock network delay (propagated)
                    0.0980    0.0000    1.0640 ^ _19450_/CLK (sky130_fd_sc_hd__dfxtp_4)
                    0.0994    0.3516    1.4156 ^ _19450_/Q (sky130_fd_sc_hd__dfxtp_4)
     4    0.0315                                 CPU_dmem_wr_data_a4[0] (net)
                    0.0996    0.0033    1.4189 ^ _11372_/A1 (sky130_fd_sc_hd__a211o_4)
                    0.0192    0.1008    1.5198 ^ _11372_/X (sky130_fd_sc_hd__a211o_4)
     1    0.0024                                 _01102_ (net)
                    0.0192    0.0000    1.5198 ^ _20772_/D (sky130_fd_sc_hd__dfxtp_4)
                                        1.5198   data arrival time

                              0.0000    0.0000   clock clk (rise edge)
                              1.4117    1.4117   clock network delay (propagated)
                              0.0000    1.4117   clock reconvergence pessimism
                                        1.4117 ^ _20772_/CLK (sky130_fd_sc_hd__dfxtp_4)
                              0.0011    1.4128   library hold time
                                        1.4128   data required time
-------------------------------------------------------------------------------------
                                        1.4128   data required time
                                       -1.5198   data arrival time
-------------------------------------------------------------------------------------
                                        0.1069   slack (MET)


Startpoint: _19515_ (rising edge-triggered flip-flop clocked by clk)
Endpoint: _20291_ (rising edge-triggered flip-flop clocked by clk)
Path Group: clk
Path Type: max

Fanout       Cap      Slew     Delay      Time   Description
-------------------------------------------------------------------------------------
                              0.0000    0.0000   clock clk (rise edge)
                              1.1378    1.1378   clock network delay (propagated)
                    0.1442    0.0000    1.1378 ^ _19515_/CLK (sky130_fd_sc_hd__dfxtp_4)
                    0.0339    0.3248    1.4625 v _19515_/Q (sky130_fd_sc_hd__dfxtp_4)
     5    0.0093                                 CPU_src1_value_a3[1] (net)
                    0.0339    0.0002    1.4627 v _12003_/B (sky130_fd_sc_hd__or2_4)
                    0.0500    0.2129    1.6757 v _12003_/X (sky130_fd_sc_hd__or2_4)
     2    0.0098                                 _06471_ (net)
                    0.0500    0.0001    1.6757 v _12004_/B1 (sky130_fd_sc_hd__o21a_4)
                    0.0384    0.1123    1.7881 v _12004_/X (sky130_fd_sc_hd__o21a_4)
     2    0.0110                                 _06472_ (net)
                    0.0384    0.0000    1.7881 v _12005_/B (sky130_fd_sc_hd__or2_4)
                    0.0447    0.2042    1.9923 v _12005_/X (sky130_fd_sc_hd__or2_4)
     2    0.0048                                 _06473_ (net)
                    0.0447    0.0000    1.9923 v _12006_/B1 (sky130_fd_sc_hd__o21a_4)
                    0.0379    0.1089    2.1012 v _12006_/X (sky130_fd_sc_hd__o21a_4)
     3    0.0103                                 _06474_ (net)
                    0.0379    0.0002    2.1014 v _12007_/B2 (sky130_fd_sc_hd__o22a_4)
                    0.0490    0.1843    2.2857 v _12007_/X (sky130_fd_sc_hd__o22a_4)
     3    0.0177                                 _06475_ (net)
                    0.0490    0.0002    2.2859 v _12008_/B2 (sky130_fd_sc_hd__o22a_4)
                    0.0464    0.1852    2.4710 v _12008_/X (sky130_fd_sc_hd__o22a_4)
     3    0.0153                                 _06476_ (net)
                    0.0464    0.0002    2.4712 v _12009_/D (sky130_fd_sc_hd__or4_4)
                    0.0803    0.3788    2.8500 v _12009_/X (sky130_fd_sc_hd__or4_4)
     1    0.0036                                 _06477_ (net)
                    0.0803    0.0000    2.8501 v _12010_/D (sky130_fd_sc_hd__and4_4)
                    0.0515    0.2200    3.0701 v _12010_/X (sky130_fd_sc_hd__and4_4)
     4    0.0238                                 _06478_ (net)
                    0.0516    0.0013    3.0714 v _12011_/C (sky130_fd_sc_hd__or3_4)
                    0.0600    0.2936    3.3650 v _12011_/X (sky130_fd_sc_hd__or3_4)
     1    0.0027                                 _06479_ (net)
                    0.0600    0.0000    3.3650 v _12012_/D (sky130_fd_sc_hd__and4_4)
                    0.0499    0.2084    3.5734 v _12012_/X (sky130_fd_sc_hd__and4_4)
     4    0.0219                                 _06480_ (net)
                    0.0499    0.0008    3.5742 v _12013_/C (sky130_fd_sc_hd__or3_4)
                    0.0617    0.2969    3.8711 v _12013_/X (sky130_fd_sc_hd__or3_4)
     1    0.0037                                 _06481_ (net)
                    0.0617    0.0000    3.8712 v _12014_/D (sky130_fd_sc_hd__and4_4)
                    0.0483    0.2065    4.0776 v _12014_/X (sky130_fd_sc_hd__and4_4)
     3    0.0198                                 _06482_ (net)
                    0.0484    0.0017    4.0794 v _12015_/D (sky130_fd_sc_hd__or4_4)
                    0.0791    0.3764    4.4558 v _12015_/X (sky130_fd_sc_hd__or4_4)
     1    0.0030                                 _06483_ (net)
                    0.0791    0.0000    4.4558 v _12016_/D (sky130_fd_sc_hd__and4_4)
                    0.0455    0.2118    4.6676 v _12016_/X (sky130_fd_sc_hd__and4_4)
     3    0.0165                                 _06484_ (net)
                    0.0455    0.0005    4.6681 v _12017_/C (sky130_fd_sc_hd__or3_4)
                    0.0597    0.2912    4.9592 v _12017_/X (sky130_fd_sc_hd__or3_4)
     1    0.0025                                 _06485_ (net)
                    0.0597    0.0000    4.9592 v _12018_/C (sky130_fd_sc_hd__and3_4)
                    0.0413    0.1851    5.1444 v _12018_/X (sky130_fd_sc_hd__and3_4)
     2    0.0142                                 _06486_ (net)
                    0.0414    0.0005    5.1449 v _12019_/B (sky130_fd_sc_hd__or2_4)
                    0.0450    0.2057    5.3506 v _12019_/X (sky130_fd_sc_hd__or2_4)
     2    0.0050                                 _06487_ (net)
                    0.0450    0.0000    5.3506 v _12020_/B1 (sky130_fd_sc_hd__o21a_4)
                    0.0406    0.1125    5.4632 v _12020_/X (sky130_fd_sc_hd__o21a_4)
     2    0.0130                                 _06488_ (net)
                    0.0406    0.0001    5.4632 v _12032_/A1 (sky130_fd_sc_hd__o21a_4)
                    0.0317    0.1903    5.6535 v _12032_/X (sky130_fd_sc_hd__o21a_4)
     1    0.0042                                 _06500_ (net)
                    0.0317    0.0000    5.6536 v _12033_/B2 (sky130_fd_sc_hd__a32o_4)
                    0.0458    0.1582    5.8117 v _12033_/X (sky130_fd_sc_hd__a32o_4)
     3    0.0152                                 _06501_ (net)
                    0.0458    0.0014    5.8131 v _12034_/B2 (sky130_fd_sc_hd__o22a_4)
                    0.0352    0.1644    5.9775 v _12034_/X (sky130_fd_sc_hd__o22a_4)
     1    0.0047                                 _06502_ (net)
                    0.0352    0.0000    5.9776 v _12035_/A (sky130_fd_sc_hd__inv_2)
                    0.1920    0.1550    6.1326 ^ _12035_/Y (sky130_fd_sc_hd__inv_2)
     6    0.0416                                 _06503_ (net)
                    0.1923    0.0064    6.1390 ^ _13296_/A (sky130_fd_sc_hd__buf_2)
                    0.1782    0.2340    6.3730 ^ _13296_/X (sky130_fd_sc_hd__buf_2)
     6    0.0360                                 _07535_ (net)
                    0.1782    0.0003    6.3733 ^ _13917_/A1 (sky130_fd_sc_hd__a211o_4)
                    0.0309    0.1255    6.4989 ^ _13917_/X (sky130_fd_sc_hd__a211o_4)
     1    0.0052                                 _07996_ (net)
                    0.0309    0.0000    6.4989 ^ _13918_/A (sky130_fd_sc_hd__inv_2)
                    0.0098    0.0164    6.5153 v _13918_/Y (sky130_fd_sc_hd__inv_2)
     1    0.0019                                 _00621_ (net)
                    0.0098    0.0000    6.5153 v _20291_/D (sky130_fd_sc_hd__dfxtp_4)
                                        6.5153   data arrival time

                             10.0000   10.0000   clock clk (rise edge)
                              0.9250   10.9250   clock network delay (propagated)
                              0.0000   10.9250   clock reconvergence pessimism
                                       10.9250 ^ _20291_/CLK (sky130_fd_sc_hd__dfxtp_4)
                             -0.0813   10.8437   library setup time
                                       10.8437   data required time
-------------------------------------------------------------------------------------
                                       10.8437   data required time
                                       -6.5153   data arrival time
-------------------------------------------------------------------------------------
                                        4.3283   slack (MET)


