Startpoint: _19491_ (rising edge-triggered flip-flop clocked by clk)
Endpoint: _19459_ (rising edge-triggered flip-flop clocked by clk)
Path Group: clk
Path Type: min

Fanout       Cap      Slew     Delay      Time   Description
-------------------------------------------------------------------------------------
                              0.0000    0.0000   clock clk (rise edge)
                              0.7974    0.7974   clock network delay (propagated)
                    0.0385    0.0000    0.7974 ^ _19491_/CLK (sky130_fd_sc_hd__dfxtp_4)
                    0.0229    0.2036    1.0011 ^ _19491_/Q (sky130_fd_sc_hd__dfxtp_4)
     3    0.0032                                 CPU_src2_value_a3[9] (net)
                    0.0229    0.0000    1.0011 ^ _19459_/D (sky130_fd_sc_hd__dfxtp_4)
                                        1.0011   data arrival time

                              0.0000    0.0000   clock clk (rise edge)
                              0.9155    0.9155   clock network delay (propagated)
                              0.0000    0.9155   clock reconvergence pessimism
                                        0.9155 ^ _19459_/CLK (sky130_fd_sc_hd__dfxtp_4)
                             -0.0132    0.9023   library hold time
                                        0.9023   data required time
-------------------------------------------------------------------------------------
                                        0.9023   data required time
                                       -1.0011   data arrival time
-------------------------------------------------------------------------------------
                                        0.0989   slack (MET)


Startpoint: _19515_ (rising edge-triggered flip-flop clocked by clk)
Endpoint: _20291_ (rising edge-triggered flip-flop clocked by clk)
Path Group: clk
Path Type: max

Fanout       Cap      Slew     Delay      Time   Description
-------------------------------------------------------------------------------------
                              0.0000    0.0000   clock clk (rise edge)
                              0.8421    0.8421   clock network delay (propagated)
                    0.1116    0.0000    0.8421 ^ _19515_/CLK (sky130_fd_sc_hd__dfxtp_4)
                    0.0280    0.2361    1.0782 v _19515_/Q (sky130_fd_sc_hd__dfxtp_4)
     5    0.0097                                 CPU_src1_value_a3[1] (net)
                    0.0280    0.0002    1.0784 v _12003_/B (sky130_fd_sc_hd__or2_4)
                    0.0389    0.1451    1.2236 v _12003_/X (sky130_fd_sc_hd__or2_4)
     2    0.0103                                 _06471_ (net)
                    0.0389    0.0001    1.2236 v _12004_/B1 (sky130_fd_sc_hd__o21a_4)
                    0.0318    0.0810    1.3047 v _12004_/X (sky130_fd_sc_hd__o21a_4)
     2    0.0116                                 _06472_ (net)
                    0.0318    0.0001    1.3047 v _12005_/B (sky130_fd_sc_hd__or2_4)
                    0.0335    0.1380    1.4427 v _12005_/X (sky130_fd_sc_hd__or2_4)
     2    0.0051                                 _06473_ (net)
                    0.0335    0.0000    1.4427 v _12006_/B1 (sky130_fd_sc_hd__o21a_4)
                    0.0310    0.0779    1.5207 v _12006_/X (sky130_fd_sc_hd__o21a_4)
     3    0.0108                                 _06474_ (net)
                    0.0310    0.0002    1.5209 v _12007_/B2 (sky130_fd_sc_hd__o22a_4)
                    0.0418    0.1275    1.6484 v _12007_/X (sky130_fd_sc_hd__o22a_4)
     3    0.0186                                 _06475_ (net)
                    0.0418    0.0002    1.6486 v _12008_/B2 (sky130_fd_sc_hd__o22a_4)
                    0.0393    0.1276    1.7762 v _12008_/X (sky130_fd_sc_hd__o22a_4)
     3    0.0162                                 _06476_ (net)
                    0.0393    0.0002    1.7764 v _12009_/D (sky130_fd_sc_hd__or4_4)
                    0.0567    0.2404    2.0168 v _12009_/X (sky130_fd_sc_hd__or4_4)
     1    0.0037                                 _06477_ (net)
                    0.0567    0.0001    2.0168 v _12010_/D (sky130_fd_sc_hd__and4_4)
                    0.0445    0.1557    2.1725 v _12010_/X (sky130_fd_sc_hd__and4_4)
     4    0.0247                                 _06478_ (net)
                    0.0446    0.0014    2.1739 v _12011_/C (sky130_fd_sc_hd__or3_4)
                    0.0429    0.1913    2.3652 v _12011_/X (sky130_fd_sc_hd__or3_4)
     1    0.0028                                 _06479_ (net)
                    0.0429    0.0000    2.3652 v _12012_/D (sky130_fd_sc_hd__and4_4)
                    0.0432    0.1484    2.5136 v _12012_/X (sky130_fd_sc_hd__and4_4)
     4    0.0229                                 _06480_ (net)
                    0.0432    0.0008    2.5145 v _12013_/C (sky130_fd_sc_hd__or3_4)
                    0.0443    0.1933    2.7078 v _12013_/X (sky130_fd_sc_hd__or3_4)
     1    0.0038                                 _06481_ (net)
                    0.0443    0.0000    2.7079 v _12014_/D (sky130_fd_sc_hd__and4_4)
                    0.0419    0.1466    2.8545 v _12014_/X (sky130_fd_sc_hd__and4_4)
     3    0.0207                                 _06482_ (net)
                    0.0419    0.0018    2.8563 v _12015_/D (sky130_fd_sc_hd__or4_4)
                    0.0558    0.2394    3.0957 v _12015_/X (sky130_fd_sc_hd__or4_4)
     1    0.0031                                 _06483_ (net)
                    0.0558    0.0000    3.0957 v _12016_/D (sky130_fd_sc_hd__and4_4)
                    0.0391    0.1480    3.2437 v _12016_/X (sky130_fd_sc_hd__and4_4)
     3    0.0172                                 _06484_ (net)
                    0.0391    0.0005    3.2442 v _12017_/C (sky130_fd_sc_hd__or3_4)
                    0.0427    0.1894    3.4335 v _12017_/X (sky130_fd_sc_hd__or3_4)
     1    0.0027                                 _06485_ (net)
                    0.0427    0.0000    3.4335 v _12018_/C (sky130_fd_sc_hd__and3_4)
                    0.0348    0.1304    3.5639 v _12018_/X (sky130_fd_sc_hd__and3_4)
     2    0.0148                                 _06486_ (net)
                    0.0348    0.0005    3.5644 v _12019_/B (sky130_fd_sc_hd__or2_4)
                    0.0337    0.1394    3.7038 v _12019_/X (sky130_fd_sc_hd__or2_4)
     2    0.0053                                 _06487_ (net)
                    0.0337    0.0000    3.7039 v _12020_/B1 (sky130_fd_sc_hd__o21a_4)
                    0.0339    0.0811    3.7850 v _12020_/X (sky130_fd_sc_hd__o21a_4)
     2    0.0137                                 _06488_ (net)
                    0.0339    0.0001    3.7850 v _12032_/A1 (sky130_fd_sc_hd__o21a_4)
                    0.0250    0.1289    3.9139 v _12032_/X (sky130_fd_sc_hd__o21a_4)
     1    0.0044                                 _06500_ (net)
                    0.0250    0.0000    3.9139 v _12033_/B2 (sky130_fd_sc_hd__a32o_4)
                    0.0397    0.1145    4.0284 v _12033_/X (sky130_fd_sc_hd__a32o_4)
     3    0.0154                                 _06501_ (net)
                    0.0398    0.0014    4.0298 v _12034_/B2 (sky130_fd_sc_hd__o22a_4)
                    0.0278    0.1111    4.1409 v _12034_/X (sky130_fd_sc_hd__o22a_4)
     1    0.0050                                 _06502_ (net)
                    0.0278    0.0000    4.1410 v _12035_/A (sky130_fd_sc_hd__inv_2)
                    0.1471    0.1158    4.2568 ^ _12035_/Y (sky130_fd_sc_hd__inv_2)
     6    0.0424                                 _06503_ (net)
                    0.1476    0.0065    4.2633 ^ _13296_/A (sky130_fd_sc_hd__buf_2)
                    0.1394    0.1703    4.4337 ^ _13296_/X (sky130_fd_sc_hd__buf_2)
     6    0.0374                                 _07535_ (net)
                    0.1394    0.0004    4.4340 ^ _13917_/A1 (sky130_fd_sc_hd__a211o_4)
                    0.0254    0.0911    4.5251 ^ _13917_/X (sky130_fd_sc_hd__a211o_4)
     1    0.0055                                 _07996_ (net)
                    0.0254    0.0000    4.5252 ^ _13918_/A (sky130_fd_sc_hd__inv_2)
                    0.0088    0.0125    4.5377 v _13918_/Y (sky130_fd_sc_hd__inv_2)
     1    0.0020                                 _00621_ (net)
                    0.0088    0.0000    4.5377 v _20291_/D (sky130_fd_sc_hd__dfxtp_4)
                                        4.5377   data arrival time

                             10.0000   10.0000   clock clk (rise edge)
                              0.6931   10.6931   clock network delay (propagated)
                              0.0000   10.6931   clock reconvergence pessimism
                                       10.6931 ^ _20291_/CLK (sky130_fd_sc_hd__dfxtp_4)
                             -0.0576   10.6355   library setup time
                                       10.6355   data required time
-------------------------------------------------------------------------------------
                                       10.6355   data required time
                                       -4.5377   data arrival time
-------------------------------------------------------------------------------------
                                        6.0978   slack (MET)


