Startpoint: _19491_ (rising edge-triggered flip-flop clocked by clk)
Endpoint: _19459_ (rising edge-triggered flip-flop clocked by clk)
Path Group: clk
Path Type: min

Fanout       Cap      Slew     Delay      Time   Description
-------------------------------------------------------------------------------------
                              0.0000    0.0000   clock clk (rise edge)
                              2.2736    2.2736   clock network delay (propagated)
                    0.0820    0.0000    2.2736 ^ _19491_/CLK (sky130_fd_sc_hd__dfxtp_4)
                    0.0490    0.6410    2.9145 v _19491_/Q (sky130_fd_sc_hd__dfxtp_4)
     3    0.0029                                 CPU_src2_value_a3[9] (net)
                    0.0490    0.0000    2.9146 v _19459_/D (sky130_fd_sc_hd__dfxtp_4)
                                        2.9146   data arrival time

                              0.0000    0.0000   clock clk (rise edge)
                              2.5213    2.5213   clock network delay (propagated)
                              0.0000    2.5213   clock reconvergence pessimism
                                        2.5213 ^ _19459_/CLK (sky130_fd_sc_hd__dfxtp_4)
                             -0.0252    2.4961   library hold time
                                        2.4961   data required time
-------------------------------------------------------------------------------------
                                        2.4961   data required time
                                       -2.9146   data arrival time
-------------------------------------------------------------------------------------
                                        0.4185   slack (MET)


Startpoint: _19515_ (rising edge-triggered flip-flop clocked by clk)
Endpoint: _20451_ (rising edge-triggered flip-flop clocked by clk)
Path Group: clk
Path Type: max

Fanout       Cap      Slew     Delay      Time   Description
-------------------------------------------------------------------------------------
                              0.0000    0.0000   clock clk (rise edge)
                              2.3495    2.3495   clock network delay (propagated)
                    0.2296    0.0000    2.3495 ^ _19515_/CLK (sky130_fd_sc_hd__dfxtp_4)
                    0.0639    0.7329    3.0824 v _19515_/Q (sky130_fd_sc_hd__dfxtp_4)
     5    0.0097                                 CPU_src1_value_a3[1] (net)
                    0.0639    0.0002    3.0826 v _12003_/B (sky130_fd_sc_hd__or2_4)
                    0.0962    0.4558    3.5384 v _12003_/X (sky130_fd_sc_hd__or2_4)
     2    0.0104                                 _06471_ (net)
                    0.0962    0.0001    3.5385 v _12004_/B1 (sky130_fd_sc_hd__o21a_4)
                    0.0752    0.2394    3.7779 v _12004_/X (sky130_fd_sc_hd__o21a_4)
     2    0.0117                                 _06472_ (net)
                    0.0752    0.0001    3.7779 v _12005_/B (sky130_fd_sc_hd__or2_4)
                    0.0821    0.4373    4.2152 v _12005_/X (sky130_fd_sc_hd__or2_4)
     2    0.0052                                 _06473_ (net)
                    0.0821    0.0000    4.2152 v _12006_/B1 (sky130_fd_sc_hd__o21a_4)
                    0.0735    0.2303    4.4455 v _12006_/X (sky130_fd_sc_hd__o21a_4)
     3    0.0109                                 _06474_ (net)
                    0.0735    0.0002    4.4457 v _12007_/B2 (sky130_fd_sc_hd__o22a_4)
                    0.1157    0.4092    4.8550 v _12007_/X (sky130_fd_sc_hd__o22a_4)
     3    0.0188                                 _06475_ (net)
                    0.1157    0.0002    4.8552 v _12008_/B2 (sky130_fd_sc_hd__o22a_4)
                    0.1071    0.4167    5.2719 v _12008_/X (sky130_fd_sc_hd__o22a_4)
     3    0.0163                                 _06476_ (net)
                    0.1071    0.0002    5.2721 v _12009_/D (sky130_fd_sc_hd__or4_4)
                    0.1488    0.8362    6.1083 v _12009_/X (sky130_fd_sc_hd__or4_4)
     1    0.0037                                 _06477_ (net)
                    0.1488    0.0001    6.1083 v _12010_/D (sky130_fd_sc_hd__and4_4)
                    0.1006    0.4371    6.5454 v _12010_/X (sky130_fd_sc_hd__and4_4)
     4    0.0249                                 _06478_ (net)
                    0.1006    0.0014    6.5468 v _12011_/C (sky130_fd_sc_hd__or3_4)
                    0.1117    0.6415    7.1883 v _12011_/X (sky130_fd_sc_hd__or3_4)
     1    0.0028                                 _06479_ (net)
                    0.1117    0.0000    7.1883 v _12012_/D (sky130_fd_sc_hd__and4_4)
                    0.0986    0.4142    7.6025 v _12012_/X (sky130_fd_sc_hd__and4_4)
     4    0.0230                                 _06480_ (net)
                    0.0986    0.0009    7.6033 v _12013_/C (sky130_fd_sc_hd__or3_4)
                    0.1151    0.6485    8.2519 v _12013_/X (sky130_fd_sc_hd__or3_4)
     1    0.0038                                 _06481_ (net)
                    0.1151    0.0000    8.2519 v _12014_/D (sky130_fd_sc_hd__and4_4)
                    0.0946    0.4085    8.6604 v _12014_/X (sky130_fd_sc_hd__and4_4)
     3    0.0208                                 _06482_ (net)
                    0.0947    0.0018    8.6622 v _12015_/D (sky130_fd_sc_hd__or4_4)
                    0.1460    0.8263    9.4886 v _12015_/X (sky130_fd_sc_hd__or4_4)
     1    0.0031                                 _06483_ (net)
                    0.1460    0.0000    9.4886 v _12016_/D (sky130_fd_sc_hd__and4_4)
                    0.0850    0.4144    9.9030 v _12016_/X (sky130_fd_sc_hd__and4_4)
     3    0.0173                                 _06484_ (net)
                    0.0850    0.0005    9.9034 v _12017_/C (sky130_fd_sc_hd__or3_4)
                    0.1116    0.6348   10.5383 v _12017_/X (sky130_fd_sc_hd__or3_4)
     1    0.0027                                 _06485_ (net)
                    0.1116    0.0000   10.5383 v _12018_/C (sky130_fd_sc_hd__and3_4)
                    0.0774    0.3704   10.9086 v _12018_/X (sky130_fd_sc_hd__and3_4)
     2    0.0149                                 _06486_ (net)
                    0.0774    0.0005   10.9092 v _12019_/B (sky130_fd_sc_hd__or2_4)
                    0.0828    0.4387   11.3479 v _12019_/X (sky130_fd_sc_hd__or2_4)
     2    0.0053                                 _06487_ (net)
                    0.0828    0.0000   11.3479 v _12020_/B1 (sky130_fd_sc_hd__o21a_4)
                    0.0801    0.2390   11.5869 v _12020_/X (sky130_fd_sc_hd__o21a_4)
     2    0.0138                                 _06488_ (net)
                    0.0801    0.0001   11.5869 v _12032_/A1 (sky130_fd_sc_hd__o21a_4)
                    0.0579    0.3906   11.9775 v _12032_/X (sky130_fd_sc_hd__o21a_4)
     1    0.0044                                 _06500_ (net)
                    0.0579    0.0000   11.9775 v _12033_/B2 (sky130_fd_sc_hd__a32o_4)
                    0.0964    0.5006   12.4781 v _12033_/X (sky130_fd_sc_hd__a32o_4)
     3    0.0154                                 _06501_ (net)
                    0.0964    0.0014   12.4795 v _12034_/B2 (sky130_fd_sc_hd__o22a_4)
                    0.0705    0.3605   12.8401 v _12034_/X (sky130_fd_sc_hd__o22a_4)
     1    0.0050                                 _06502_ (net)
                    0.0705    0.0000   12.8401 v _12035_/A (sky130_fd_sc_hd__inv_2)
                    0.3030    0.2588   13.0989 ^ _12035_/Y (sky130_fd_sc_hd__inv_2)
     6    0.0416                                 _06503_ (net)
                    0.3032    0.0064   13.1053 ^ _13296_/A (sky130_fd_sc_hd__buf_2)
                    0.2893    0.4583   13.5636 ^ _13296_/X (sky130_fd_sc_hd__buf_2)
     6    0.0365                                 _07535_ (net)
                    0.2893    0.0000   13.5636 ^ _13305_/A1 (sky130_fd_sc_hd__a211o_4)
                    0.0574    0.3162   13.8798 ^ _13305_/X (sky130_fd_sc_hd__a211o_4)
     1    0.0052                                 _07544_ (net)
                    0.0574    0.0000   13.8798 ^ _13306_/A (sky130_fd_sc_hd__inv_2)
                    0.0194    0.0449   13.9247 v _13306_/Y (sky130_fd_sc_hd__inv_2)
     1    0.0020                                 _00781_ (net)
                    0.0194    0.0000   13.9248 v _20451_/D (sky130_fd_sc_hd__dfxtp_4)
                                       13.9248   data arrival time

                             10.0000   10.0000   clock clk (rise edge)
                              1.9334   11.9334   clock network delay (propagated)
                              0.0000   11.9334   clock reconvergence pessimism
                                       11.9334 ^ _20451_/CLK (sky130_fd_sc_hd__dfxtp_4)
                             -0.2266   11.7068   library setup time
                                       11.7068   data required time
-------------------------------------------------------------------------------------
                                       11.7068   data required time
                                      -13.9248   data arrival time
-------------------------------------------------------------------------------------
                                       -2.2179   slack (VIOLATED)


