Startpoint: _19450_ (rising edge-triggered flip-flop clocked by clk)
Endpoint: _20772_ (rising edge-triggered flip-flop clocked by clk)
Path Group: clk
Path Type: min

Fanout       Cap      Slew     Delay      Time   Description
-------------------------------------------------------------------------------------
                              0.0000    0.0000   clock clk (rise edge)
                              5.6468    5.6468   clock network delay (propagated)
                    0.4228    0.0000    5.6468 ^ _19450_/CLK (sky130_fd_sc_hd__dfxtp_4)
                    0.4396    2.0461    7.6929 ^ _19450_/Q (sky130_fd_sc_hd__dfxtp_4)
     4    0.0296                                 CPU_dmem_wr_data_a4[0] (net)
                    0.4396    0.0032    7.6960 ^ _11372_/A1 (sky130_fd_sc_hd__a211o_4)
                    0.0711    0.5055    8.2015 ^ _11372_/X (sky130_fd_sc_hd__a211o_4)
     1    0.0021                                 _01102_ (net)
                    0.0711    0.0000    8.2016 ^ _20772_/D (sky130_fd_sc_hd__dfxtp_4)
                                        8.2016   data arrival time

                              0.0000    0.0000   clock clk (rise edge)
                              7.7163    7.7163   clock network delay (propagated)
                              0.0000    7.7163   clock reconvergence pessimism
                                        7.7163 ^ _20772_/CLK (sky130_fd_sc_hd__dfxtp_4)
                              0.2039    7.9202   library hold time
                                        7.9202   data required time
-------------------------------------------------------------------------------------
                                        7.9202   data required time
                                       -8.2016   data arrival time
-------------------------------------------------------------------------------------
                                        0.2814   slack (MET)


Startpoint: _19515_ (rising edge-triggered flip-flop clocked by clk)
Endpoint: _20451_ (rising edge-triggered flip-flop clocked by clk)
Path Group: clk
Path Type: max

Fanout       Cap      Slew     Delay      Time   Description
-------------------------------------------------------------------------------------
                              0.0000    0.0000   clock clk (rise edge)
                              6.0697    6.0697   clock network delay (propagated)
                    0.6399    0.0000    6.0697 ^ _19515_/CLK (sky130_fd_sc_hd__dfxtp_4)
                    0.1204    1.7373    7.8070 v _19515_/Q (sky130_fd_sc_hd__dfxtp_4)
     5    0.0088                                 CPU_src1_value_a3[1] (net)
                    0.1204    0.0002    7.8072 v _12003_/B (sky130_fd_sc_hd__or2_4)
                    0.2216    1.4086    9.2158 v _12003_/X (sky130_fd_sc_hd__or2_4)
     2    0.0090                                 _06471_ (net)
                    0.2216    0.0001    9.2159 v _12004_/B1 (sky130_fd_sc_hd__o21a_4)
                    0.1568    0.6597    9.8755 v _12004_/X (sky130_fd_sc_hd__o21a_4)
     2    0.0101                                 _06472_ (net)
                    0.1568    0.0000    9.8756 v _12005_/B (sky130_fd_sc_hd__or2_4)
                    0.2066    1.3921   11.2677 v _12005_/X (sky130_fd_sc_hd__or2_4)
     2    0.0046                                 _06473_ (net)
                    0.2066    0.0000   11.2677 v _12006_/B1 (sky130_fd_sc_hd__o21a_4)
                    0.1551    0.6483   11.9160 v _12006_/X (sky130_fd_sc_hd__o21a_4)
     3    0.0097                                 _06474_ (net)
                    0.1551    0.0002   11.9162 v _12007_/B2 (sky130_fd_sc_hd__o22a_4)
                    0.2027    1.2980   13.2143 v _12007_/X (sky130_fd_sc_hd__o22a_4)
     3    0.0162                                 _06475_ (net)
                    0.2027    0.0002   13.2144 v _12008_/B2 (sky130_fd_sc_hd__o22a_4)
                    0.1955    1.3099   14.5243 v _12008_/X (sky130_fd_sc_hd__o22a_4)
     3    0.0141                                 _06476_ (net)
                    0.1955    0.0001   14.5245 v _12009_/D (sky130_fd_sc_hd__or4_4)
                    0.4721    3.2453   17.7697 v _12009_/X (sky130_fd_sc_hd__or4_4)
     1    0.0034                                 _06477_ (net)
                    0.4721    0.0000   17.7698 v _12010_/D (sky130_fd_sc_hd__and4_4)
                    0.1868    1.3316   19.1013 v _12010_/X (sky130_fd_sc_hd__and4_4)
     4    0.0223                                 _06478_ (net)
                    0.1868    0.0012   19.1026 v _12011_/C (sky130_fd_sc_hd__or3_4)
                    0.3336    2.3213   21.4239 v _12011_/X (sky130_fd_sc_hd__or3_4)
     1    0.0025                                 _06479_ (net)
                    0.3336    0.0000   21.4239 v _12012_/D (sky130_fd_sc_hd__and4_4)
                    0.1840    1.2312   22.6551 v _12012_/X (sky130_fd_sc_hd__and4_4)
     4    0.0205                                 _06480_ (net)
                    0.1840    0.0007   22.6558 v _12013_/C (sky130_fd_sc_hd__or3_4)
                    0.3376    2.3378   24.9937 v _12013_/X (sky130_fd_sc_hd__or3_4)
     1    0.0035                                 _06481_ (net)
                    0.3376    0.0000   24.9937 v _12014_/D (sky130_fd_sc_hd__and4_4)
                    0.1769    1.2261   26.2198 v _12014_/X (sky130_fd_sc_hd__and4_4)
     3    0.0186                                 _06482_ (net)
                    0.1769    0.0016   26.2214 v _12015_/D (sky130_fd_sc_hd__or4_4)
                    0.4679    3.2231   29.4445 v _12015_/X (sky130_fd_sc_hd__or4_4)
     1    0.0028                                 _06483_ (net)
                    0.4679    0.0000   29.4445 v _12016_/D (sky130_fd_sc_hd__and4_4)
                    0.1661    1.2985   30.7431 v _12016_/X (sky130_fd_sc_hd__and4_4)
     3    0.0154                                 _06484_ (net)
                    0.1661    0.0004   30.7435 v _12017_/C (sky130_fd_sc_hd__or3_4)
                    0.3319    2.3085   33.0519 v _12017_/X (sky130_fd_sc_hd__or3_4)
     1    0.0023                                 _06485_ (net)
                    0.3319    0.0000   33.0519 v _12018_/C (sky130_fd_sc_hd__and3_4)
                    0.1549    1.1287   34.1806 v _12018_/X (sky130_fd_sc_hd__and3_4)
     2    0.0133                                 _06486_ (net)
                    0.1549    0.0005   34.1811 v _12019_/B (sky130_fd_sc_hd__or2_4)
                    0.2066    1.3909   35.5720 v _12019_/X (sky130_fd_sc_hd__or2_4)
     2    0.0045                                 _06487_ (net)
                    0.2066    0.0000   35.5720 v _12020_/B1 (sky130_fd_sc_hd__o21a_4)
                    0.1610    0.6573   36.2293 v _12020_/X (sky130_fd_sc_hd__o21a_4)
     2    0.0118                                 _06488_ (net)
                    0.1610    0.0000   36.2294 v _12032_/A1 (sky130_fd_sc_hd__o21a_4)
                    0.1393    1.2376   37.4670 v _12032_/X (sky130_fd_sc_hd__o21a_4)
     1    0.0039                                 _06500_ (net)
                    0.1393    0.0000   37.4670 v _12033_/B2 (sky130_fd_sc_hd__a32o_4)
                    0.1855    1.4064   38.8734 v _12033_/X (sky130_fd_sc_hd__a32o_4)
     3    0.0149                                 _06501_ (net)
                    0.1855    0.0014   38.8748 v _12034_/B2 (sky130_fd_sc_hd__o22a_4)
                    0.1659    1.2325   40.1073 v _12034_/X (sky130_fd_sc_hd__o22a_4)
     1    0.0043                                 _06502_ (net)
                    0.1659    0.0000   40.1073 v _12035_/A (sky130_fd_sc_hd__inv_2)
                    0.7780    0.7054   40.8127 ^ _12035_/Y (sky130_fd_sc_hd__inv_2)
     6    0.0396                                 _06503_ (net)
                    0.7781    0.0061   40.8188 ^ _13296_/A (sky130_fd_sc_hd__buf_2)
                    0.7197    1.1524   41.9712 ^ _13296_/X (sky130_fd_sc_hd__buf_2)
     6    0.0327                                 _07535_ (net)
                    0.7197    0.0000   41.9712 ^ _13305_/A1 (sky130_fd_sc_hd__a211o_4)
                    0.1116    0.6770   42.6482 ^ _13305_/X (sky130_fd_sc_hd__a211o_4)
     1    0.0046                                 _07544_ (net)
                    0.1116    0.0000   42.6482 ^ _13306_/A (sky130_fd_sc_hd__inv_2)
                    0.0225    0.0854   42.7336 v _13306_/Y (sky130_fd_sc_hd__inv_2)
     1    0.0017                                 _00781_ (net)
                    0.0225    0.0000   42.7336 v _20451_/D (sky130_fd_sc_hd__dfxtp_4)
                                       42.7336   data arrival time

                             10.0000   10.0000   clock clk (rise edge)
                              4.7929   14.7929   clock network delay (propagated)
                              0.0000   14.7929   clock reconvergence pessimism
                                       14.7929 ^ _20451_/CLK (sky130_fd_sc_hd__dfxtp_4)
                             -0.7997   13.9932   library setup time
                                       13.9932   data required time
-------------------------------------------------------------------------------------
                                       13.9932   data required time
                                      -42.7336   data arrival time
-------------------------------------------------------------------------------------
                                      -28.7404   slack (VIOLATED)


