Startpoint: _19450_ (rising edge-triggered flip-flop clocked by clk)
Endpoint: _20772_ (rising edge-triggered flip-flop clocked by clk)
Path Group: clk
Path Type: min

Fanout       Cap      Slew     Delay      Time   Description
-------------------------------------------------------------------------------------
                              0.0000    0.0000   clock clk (rise edge)
                              1.9731    1.9731   clock network delay (propagated)
                    0.1564    0.0000    1.9731 ^ _19450_/CLK (sky130_fd_sc_hd__dfxtp_4)
                    0.1564    0.6633    2.6364 ^ _19450_/Q (sky130_fd_sc_hd__dfxtp_4)
     4    0.0312                                 CPU_dmem_wr_data_a4[0] (net)
                    0.1565    0.0033    2.6397 ^ _11372_/A1 (sky130_fd_sc_hd__a211o_4)
                    0.0267    0.1845    2.8242 ^ _11372_/X (sky130_fd_sc_hd__a211o_4)
     1    0.0023                                 _01102_ (net)
                    0.0267    0.0000    2.8242 ^ _20772_/D (sky130_fd_sc_hd__dfxtp_4)
                                        2.8242   data arrival time

                              0.0000    0.0000   clock clk (rise edge)
                              2.6298    2.6298   clock network delay (propagated)
                              0.0000    2.6298   clock reconvergence pessimism
                                        2.6298 ^ _20772_/CLK (sky130_fd_sc_hd__dfxtp_4)
                              0.0372    2.6669   library hold time
                                        2.6669   data required time
-------------------------------------------------------------------------------------
                                        2.6669   data required time
                                       -2.8242   data arrival time
-------------------------------------------------------------------------------------
                                        0.1573   slack (MET)


Startpoint: _19515_ (rising edge-triggered flip-flop clocked by clk)
Endpoint: _20451_ (rising edge-triggered flip-flop clocked by clk)
Path Group: clk
Path Type: max

Fanout       Cap      Slew     Delay      Time   Description
-------------------------------------------------------------------------------------
                              0.0000    0.0000   clock clk (rise edge)
                              2.1090    2.1090   clock network delay (propagated)
                    0.2273    0.0000    2.1090 ^ _19515_/CLK (sky130_fd_sc_hd__dfxtp_4)
                    0.0489    0.6077    2.7167 v _19515_/Q (sky130_fd_sc_hd__dfxtp_4)
     5    0.0093                                 CPU_src1_value_a3[1] (net)
                    0.0489    0.0002    2.7169 v _12003_/B (sky130_fd_sc_hd__or2_4)
                    0.0757    0.4210    3.1378 v _12003_/X (sky130_fd_sc_hd__or2_4)
     2    0.0098                                 _06471_ (net)
                    0.0757    0.0001    3.1379 v _12004_/B1 (sky130_fd_sc_hd__o21a_4)
                    0.0564    0.2072    3.3451 v _12004_/X (sky130_fd_sc_hd__o21a_4)
     2    0.0111                                 _06472_ (net)
                    0.0564    0.0000    3.3451 v _12005_/B (sky130_fd_sc_hd__or2_4)
                    0.0680    0.4072    3.7523 v _12005_/X (sky130_fd_sc_hd__or2_4)
     2    0.0049                                 _06473_ (net)
                    0.0680    0.0000    3.7523 v _12006_/B1 (sky130_fd_sc_hd__o21a_4)
                    0.0552    0.2015    3.9538 v _12006_/X (sky130_fd_sc_hd__o21a_4)
     3    0.0104                                 _06474_ (net)
                    0.0552    0.0002    3.9540 v _12007_/B2 (sky130_fd_sc_hd__o22a_4)
                    0.0772    0.3581    4.3121 v _12007_/X (sky130_fd_sc_hd__o22a_4)
     3    0.0178                                 _06475_ (net)
                    0.0772    0.0002    4.3123 v _12008_/B2 (sky130_fd_sc_hd__o22a_4)
                    0.0731    0.3629    4.6752 v _12008_/X (sky130_fd_sc_hd__o22a_4)
     3    0.0154                                 _06476_ (net)
                    0.0731    0.0002    4.6754 v _12009_/D (sky130_fd_sc_hd__or4_4)
                    0.1296    0.8080    5.4834 v _12009_/X (sky130_fd_sc_hd__or4_4)
     1    0.0036                                 _06477_ (net)
                    0.1296    0.0000    5.4834 v _12010_/D (sky130_fd_sc_hd__and4_4)
                    0.0744    0.3997    5.8832 v _12010_/X (sky130_fd_sc_hd__and4_4)
     4    0.0239                                 _06478_ (net)
                    0.0745    0.0013    5.8845 v _12011_/C (sky130_fd_sc_hd__or3_4)
                    0.0962    0.6129    6.4974 v _12011_/X (sky130_fd_sc_hd__or3_4)
     1    0.0027                                 _06479_ (net)
                    0.0962    0.0000    6.4974 v _12012_/D (sky130_fd_sc_hd__and4_4)
                    0.0715    0.3789    6.8763 v _12012_/X (sky130_fd_sc_hd__and4_4)
     4    0.0220                                 _06480_ (net)
                    0.0715    0.0008    6.8772 v _12013_/C (sky130_fd_sc_hd__or3_4)
                    0.0986    0.6182    7.4954 v _12013_/X (sky130_fd_sc_hd__or3_4)
     1    0.0037                                 _06481_ (net)
                    0.0986    0.0000    7.4954 v _12014_/D (sky130_fd_sc_hd__and4_4)
                    0.0688    0.3760    7.8714 v _12014_/X (sky130_fd_sc_hd__and4_4)
     3    0.0199                                 _06482_ (net)
                    0.0689    0.0018    7.8732 v _12015_/D (sky130_fd_sc_hd__or4_4)
                    0.1277    0.8014    8.6746 v _12015_/X (sky130_fd_sc_hd__or4_4)
     1    0.0030                                 _06483_ (net)
                    0.1277    0.0000    8.6746 v _12016_/D (sky130_fd_sc_hd__and4_4)
                    0.0645    0.3860    9.0607 v _12016_/X (sky130_fd_sc_hd__and4_4)
     3    0.0165                                 _06484_ (net)
                    0.0645    0.0005    9.0611 v _12017_/C (sky130_fd_sc_hd__or3_4)
                    0.0961    0.6078    9.6689 v _12017_/X (sky130_fd_sc_hd__or3_4)
     1    0.0025                                 _06485_ (net)
                    0.0961    0.0000    9.6689 v _12018_/C (sky130_fd_sc_hd__and3_4)
                    0.0601    0.3448   10.0137 v _12018_/X (sky130_fd_sc_hd__and3_4)
     2    0.0143                                 _06486_ (net)
                    0.0601    0.0005   10.0141 v _12019_/B (sky130_fd_sc_hd__or2_4)
                    0.0681    0.4091   10.4232 v _12019_/X (sky130_fd_sc_hd__or2_4)
     2    0.0050                                 _06487_ (net)
                    0.0681    0.0000   10.4233 v _12020_/B1 (sky130_fd_sc_hd__o21a_4)
                    0.0601    0.2074   10.6307 v _12020_/X (sky130_fd_sc_hd__o21a_4)
     2    0.0131                                 _06488_ (net)
                    0.0601    0.0001   10.6308 v _12032_/A1 (sky130_fd_sc_hd__o21a_4)
                    0.0456    0.3612   10.9920 v _12032_/X (sky130_fd_sc_hd__o21a_4)
     1    0.0042                                 _06500_ (net)
                    0.0456    0.0000   10.9920 v _12033_/B2 (sky130_fd_sc_hd__a32o_4)
                    0.0725    0.4707   11.4627 v _12033_/X (sky130_fd_sc_hd__a32o_4)
     3    0.0152                                 _06501_ (net)
                    0.0725    0.0014   11.4641 v _12034_/B2 (sky130_fd_sc_hd__o22a_4)
                    0.0523    0.3292   11.7933 v _12034_/X (sky130_fd_sc_hd__o22a_4)
     1    0.0048                                 _06502_ (net)
                    0.0523    0.0000   11.7934 v _12035_/A (sky130_fd_sc_hd__inv_2)
                    0.2955    0.2509   12.0443 ^ _12035_/Y (sky130_fd_sc_hd__inv_2)
     6    0.0410                                 _06503_ (net)
                    0.2957    0.0063   12.0506 ^ _13296_/A (sky130_fd_sc_hd__buf_2)
                    0.2761    0.4151   12.4657 ^ _13296_/X (sky130_fd_sc_hd__buf_2)
     6    0.0353                                 _07535_ (net)
                    0.2761    0.0000   12.4657 ^ _13305_/A1 (sky130_fd_sc_hd__a211o_4)
                    0.0440    0.2455   12.7113 ^ _13305_/X (sky130_fd_sc_hd__a211o_4)
     1    0.0051                                 _07544_ (net)
                    0.0440    0.0000   12.7113 ^ _13306_/A (sky130_fd_sc_hd__inv_2)
                    0.0125    0.0314   12.7427 v _13306_/Y (sky130_fd_sc_hd__inv_2)
     1    0.0019                                 _00781_ (net)
                    0.0125    0.0000   12.7427 v _20451_/D (sky130_fd_sc_hd__dfxtp_4)
                                       12.7427   data arrival time

                             10.0000   10.0000   clock clk (rise edge)
                              1.6992   11.6992   clock network delay (propagated)
                              0.0000   11.6992   clock reconvergence pessimism
                                       11.6992 ^ _20451_/CLK (sky130_fd_sc_hd__dfxtp_4)
                             -0.1559   11.5433   library setup time
                                       11.5433   data required time
-------------------------------------------------------------------------------------
                                       11.5433   data required time
                                      -12.7427   data arrival time
-------------------------------------------------------------------------------------
                                       -1.1994   slack (VIOLATED)


