Startpoint: _19450_ (rising edge-triggered flip-flop clocked by clk)
Endpoint: _20772_ (rising edge-triggered flip-flop clocked by clk)
Path Group: clk
Path Type: min

Fanout       Cap      Slew     Delay      Time   Description
-------------------------------------------------------------------------------------
                              0.0000    0.0000   clock clk (rise edge)
                              4.6894    4.6894   clock network delay (propagated)
                    0.3517    0.0000    4.6894 ^ _19450_/CLK (sky130_fd_sc_hd__dfxtp_4)
                    0.3604    1.6617    6.3511 ^ _19450_/Q (sky130_fd_sc_hd__dfxtp_4)
     4    0.0299                                 CPU_dmem_wr_data_a4[0] (net)
                    0.3604    0.0033    6.3544 ^ _11372_/A1 (sky130_fd_sc_hd__a211o_4)
                    0.0591    0.4203    6.7746 ^ _11372_/X (sky130_fd_sc_hd__a211o_4)
     1    0.0021                                 _01102_ (net)
                    0.0591    0.0000    6.7746 ^ _20772_/D (sky130_fd_sc_hd__dfxtp_4)
                                        6.7746   data arrival time

                              0.0000    0.0000   clock clk (rise edge)
                              6.3843    6.3843   clock network delay (propagated)
                              0.0000    6.3843   clock reconvergence pessimism
                                        6.3843 ^ _20772_/CLK (sky130_fd_sc_hd__dfxtp_4)
                              0.1389    6.5233   library hold time
                                        6.5233   data required time
-------------------------------------------------------------------------------------
                                        6.5233   data required time
                                       -6.7746   data arrival time
-------------------------------------------------------------------------------------
                                        0.2514   slack (MET)


Startpoint: _19515_ (rising edge-triggered flip-flop clocked by clk)
Endpoint: _20291_ (rising edge-triggered flip-flop clocked by clk)
Path Group: clk
Path Type: max

Fanout       Cap      Slew     Delay      Time   Description
-------------------------------------------------------------------------------------
                              0.0000    0.0000   clock clk (rise edge)
                              5.0400    5.0400   clock network delay (propagated)
                    0.5288    0.0000    5.0400 ^ _19515_/CLK (sky130_fd_sc_hd__dfxtp_4)
                    0.1009    1.4343    6.4742 v _19515_/Q (sky130_fd_sc_hd__dfxtp_4)
     5    0.0088                                 CPU_src1_value_a3[1] (net)
                    0.1009    0.0002    6.4744 v _12003_/B (sky130_fd_sc_hd__or2_4)
                    0.1789    1.1246    7.5991 v _12003_/X (sky130_fd_sc_hd__or2_4)
     2    0.0092                                 _06471_ (net)
                    0.1789    0.0001    7.5991 v _12004_/B1 (sky130_fd_sc_hd__o21a_4)
                    0.1265    0.5273    8.1264 v _12004_/X (sky130_fd_sc_hd__o21a_4)
     2    0.0103                                 _06472_ (net)
                    0.1265    0.0000    8.1265 v _12005_/B (sky130_fd_sc_hd__or2_4)
                    0.1656    1.1082    9.2346 v _12005_/X (sky130_fd_sc_hd__or2_4)
     2    0.0046                                 _06473_ (net)
                    0.1656    0.0000    9.2346 v _12006_/B1 (sky130_fd_sc_hd__o21a_4)
                    0.1253    0.5174    9.7520 v _12006_/X (sky130_fd_sc_hd__o21a_4)
     3    0.0098                                 _06474_ (net)
                    0.1253    0.0002    9.7522 v _12007_/B2 (sky130_fd_sc_hd__o22a_4)
                    0.1655    1.0123   10.7645 v _12007_/X (sky130_fd_sc_hd__o22a_4)
     3    0.0165                                 _06475_ (net)
                    0.1655    0.0002   10.7647 v _12008_/B2 (sky130_fd_sc_hd__o22a_4)
                    0.1588    1.0232   11.7879 v _12008_/X (sky130_fd_sc_hd__o22a_4)
     3    0.0143                                 _06476_ (net)
                    0.1588    0.0001   11.7881 v _12009_/D (sky130_fd_sc_hd__or4_4)
                    0.3671    2.5127   14.3008 v _12009_/X (sky130_fd_sc_hd__or4_4)
     1    0.0035                                 _06477_ (net)
                    0.3671    0.0000   14.3008 v _12010_/D (sky130_fd_sc_hd__and4_4)
                    0.1532    1.0532   15.3540 v _12010_/X (sky130_fd_sc_hd__and4_4)
     4    0.0226                                 _06478_ (net)
                    0.1532    0.0013   15.3552 v _12011_/C (sky130_fd_sc_hd__or3_4)
                    0.2613    1.8166   17.1718 v _12011_/X (sky130_fd_sc_hd__or3_4)
     1    0.0026                                 _06479_ (net)
                    0.2613    0.0000   17.1718 v _12012_/D (sky130_fd_sc_hd__and4_4)
                    0.1474    0.9800   18.1518 v _12012_/X (sky130_fd_sc_hd__and4_4)
     4    0.0207                                 _06480_ (net)
                    0.1474    0.0008   18.1525 v _12013_/C (sky130_fd_sc_hd__or3_4)
                    0.2649    1.8272   19.9798 v _12013_/X (sky130_fd_sc_hd__or3_4)
     1    0.0035                                 _06481_ (net)
                    0.2649    0.0000   19.9798 v _12014_/D (sky130_fd_sc_hd__and4_4)
                    0.1435    0.9731   20.9529 v _12014_/X (sky130_fd_sc_hd__and4_4)
     3    0.0188                                 _06482_ (net)
                    0.1435    0.0016   20.9545 v _12015_/D (sky130_fd_sc_hd__or4_4)
                    0.3635    2.4943   23.4488 v _12015_/X (sky130_fd_sc_hd__or4_4)
     1    0.0028                                 _06483_ (net)
                    0.3635    0.0000   23.4488 v _12016_/D (sky130_fd_sc_hd__and4_4)
                    0.1344    1.0221   24.4709 v _12016_/X (sky130_fd_sc_hd__and4_4)
     3    0.0156                                 _06484_ (net)
                    0.1344    0.0004   24.4713 v _12017_/C (sky130_fd_sc_hd__or3_4)
                    0.2605    1.8046   26.2760 v _12017_/X (sky130_fd_sc_hd__or3_4)
     1    0.0024                                 _06485_ (net)
                    0.2605    0.0000   26.2760 v _12018_/C (sky130_fd_sc_hd__and3_4)
                    0.1264    0.9017   27.1776 v _12018_/X (sky130_fd_sc_hd__and3_4)
     2    0.0135                                 _06486_ (net)
                    0.1264    0.0005   27.1781 v _12019_/B (sky130_fd_sc_hd__or2_4)
                    0.1656    1.1081   28.2861 v _12019_/X (sky130_fd_sc_hd__or2_4)
     2    0.0046                                 _06487_ (net)
                    0.1656    0.0000   28.2862 v _12020_/B1 (sky130_fd_sc_hd__o21a_4)
                    0.1303    0.5251   28.8113 v _12020_/X (sky130_fd_sc_hd__o21a_4)
     2    0.0120                                 _06488_ (net)
                    0.1303    0.0000   28.8114 v _12032_/A1 (sky130_fd_sc_hd__o21a_4)
                    0.1108    0.9783   29.7897 v _12032_/X (sky130_fd_sc_hd__o21a_4)
     1    0.0040                                 _06500_ (net)
                    0.1108    0.0000   29.7897 v _12033_/B2 (sky130_fd_sc_hd__a32o_4)
                    0.1529    1.1409   30.9305 v _12033_/X (sky130_fd_sc_hd__a32o_4)
     3    0.0150                                 _06501_ (net)
                    0.1530    0.0014   30.9319 v _12034_/B2 (sky130_fd_sc_hd__o22a_4)
                    0.1301    0.9575   31.8894 v _12034_/X (sky130_fd_sc_hd__o22a_4)
     1    0.0044                                 _06502_ (net)
                    0.1301    0.0000   31.8894 v _12035_/A (sky130_fd_sc_hd__inv_2)
                    0.6550    0.5807   32.4702 ^ _12035_/Y (sky130_fd_sc_hd__inv_2)
     6    0.0399                                 _06503_ (net)
                    0.6551    0.0061   32.4763 ^ _13296_/A (sky130_fd_sc_hd__buf_2)
                    0.6014    0.9579   33.4342 ^ _13296_/X (sky130_fd_sc_hd__buf_2)
     6    0.0332                                 _07535_ (net)
                    0.6014    0.0003   33.4345 ^ _13917_/A1 (sky130_fd_sc_hd__a211o_4)
                    0.0921    0.5605   33.9950 ^ _13917_/X (sky130_fd_sc_hd__a211o_4)
     1    0.0048                                 _07996_ (net)
                    0.0921    0.0000   33.9951 ^ _13918_/A (sky130_fd_sc_hd__inv_2)
                    0.0200    0.0702   34.0653 v _13918_/Y (sky130_fd_sc_hd__inv_2)
     1    0.0016                                 _00621_ (net)
                    0.0200    0.0000   34.0653 v _20291_/D (sky130_fd_sc_hd__dfxtp_4)
                                       34.0653   data arrival time

                             10.0000   10.0000   clock clk (rise edge)
                              3.9864   13.9864   clock network delay (propagated)
                              0.0000   13.9864   clock reconvergence pessimism
                                       13.9864 ^ _20291_/CLK (sky130_fd_sc_hd__dfxtp_4)
                             -0.6176   13.3688   library setup time
                                       13.3688   data required time
-------------------------------------------------------------------------------------
                                       13.3688   data required time
                                      -34.0653   data arrival time
-------------------------------------------------------------------------------------
                                      -20.6966   slack (VIOLATED)


