Startpoint: _19561_ (rising edge-triggered flip-flop clocked by clk)
Endpoint: _19560_ (rising edge-triggered flip-flop clocked by clk)
Path Group: clk
Path Type: min

Fanout       Cap      Slew     Delay      Time   Description
-------------------------------------------------------------------------------------
                    0.0000    0.0000    0.0000   clock clk (rise edge)
                              0.0000    0.0000   clock network delay (ideal)
                    0.0000    0.0000    0.0000 ^ _19561_/CLK (sky130_fd_sc_hd__dfxtp_4)
                    0.0452    0.5969    0.5969 v _19561_/Q (sky130_fd_sc_hd__dfxtp_4)
     1    0.0014                                 CPU_reset_a2 (net)
                    0.0452    0.0000    0.5969 v _19560_/D (sky130_fd_sc_hd__dfxtp_4)
                                        0.5969   data arrival time

                    0.0000    0.0000    0.0000   clock clk (rise edge)
                              0.0000    0.0000   clock network delay (ideal)
                              0.0000    0.0000   clock reconvergence pessimism
                                        0.0000 ^ _19560_/CLK (sky130_fd_sc_hd__dfxtp_4)
                             -0.0972   -0.0972   library hold time
                                       -0.0972   data required time
-------------------------------------------------------------------------------------
                                       -0.0972   data required time
                                       -0.5969   data arrival time
-------------------------------------------------------------------------------------
                                        0.6942   slack (MET)


Startpoint: _19483_ (rising edge-triggered flip-flop clocked by clk)
Endpoint: _19843_ (rising edge-triggered flip-flop clocked by clk)
Path Group: clk
Path Type: max

Fanout       Cap      Slew     Delay      Time   Description
-------------------------------------------------------------------------------------
                    0.0000    0.0000    0.0000   clock clk (rise edge)
                              0.0000    0.0000   clock network delay (ideal)
                    0.0000    0.0000    0.0000 ^ _19483_/CLK (sky130_fd_sc_hd__dfxtp_4)
                    0.0895    0.6760    0.6760 ^ _19483_/Q (sky130_fd_sc_hd__dfxtp_4)
     3    0.0111                                 CPU_src2_value_a3[1] (net)
                    0.0895    0.0000    0.6760 ^ _12000_/A (sky130_fd_sc_hd__inv_2)
                    0.0570    0.0898    0.7658 v _12000_/Y (sky130_fd_sc_hd__inv_2)
     3    0.0112                                 _06468_ (net)
                    0.0570    0.0000    0.7658 v _12003_/A (sky130_fd_sc_hd__or2_4)
                    0.0940    0.4788    1.2446 v _12003_/X (sky130_fd_sc_hd__or2_4)
     2    0.0086                                 _06471_ (net)
                    0.0940    0.0000    1.2446 v _12004_/B1 (sky130_fd_sc_hd__o21a_4)
                    0.0756    0.2356    1.4802 v _12004_/X (sky130_fd_sc_hd__o21a_4)
     2    0.0107                                 _06472_ (net)
                    0.0756    0.0000    1.4802 v _12005_/B (sky130_fd_sc_hd__or2_4)
                    0.0936    0.4533    1.9335 v _12005_/X (sky130_fd_sc_hd__or2_4)
     2    0.0086                                 _06473_ (net)
                    0.0936    0.0000    1.9335 v _12006_/B1 (sky130_fd_sc_hd__o21a_4)
                    0.0910    0.2539    2.1874 v _12006_/X (sky130_fd_sc_hd__o21a_4)
     3    0.0172                                 _06474_ (net)
                    0.0910    0.0000    2.1874 v _12007_/B2 (sky130_fd_sc_hd__o22a_4)
                    0.1130    0.4100    2.5974 v _12007_/X (sky130_fd_sc_hd__o22a_4)
     3    0.0172                                 _06475_ (net)
                    0.1130    0.0000    2.5974 v _12008_/B2 (sky130_fd_sc_hd__o22a_4)
                    0.1052    0.4095    3.0069 v _12008_/X (sky130_fd_sc_hd__o22a_4)
     3    0.0148                                 _06476_ (net)
                    0.1052    0.0000    3.0069 v _12009_/D (sky130_fd_sc_hd__or4_4)
                    0.1422    0.8209    3.8278 v _12009_/X (sky130_fd_sc_hd__or4_4)
     1    0.0023                                 _06477_ (net)
                    0.1422    0.0000    3.8278 v _12010_/D (sky130_fd_sc_hd__and4_4)
                    0.0879    0.4134    4.2412 v _12010_/X (sky130_fd_sc_hd__and4_4)
     4    0.0175                                 _06478_ (net)
                    0.0879    0.0000    4.2412 v _12011_/C (sky130_fd_sc_hd__or3_4)
                    0.1098    0.6324    4.8735 v _12011_/X (sky130_fd_sc_hd__or3_4)
     1    0.0023                                 _06479_ (net)
                    0.1098    0.0000    4.8735 v _12012_/D (sky130_fd_sc_hd__and4_4)
                    0.0879    0.3972    5.2708 v _12012_/X (sky130_fd_sc_hd__and4_4)
     4    0.0175                                 _06480_ (net)
                    0.0879    0.0000    5.2708 v _12013_/C (sky130_fd_sc_hd__or3_4)
                    0.1098    0.6324    5.9031 v _12013_/X (sky130_fd_sc_hd__or3_4)
     1    0.0023                                 _06481_ (net)
                    0.1098    0.0000    5.9031 v _12014_/D (sky130_fd_sc_hd__and4_4)
                    0.0818    0.3890    6.2922 v _12014_/X (sky130_fd_sc_hd__and4_4)
     3    0.0148                                 _06482_ (net)
                    0.0818    0.0000    6.2922 v _12015_/D (sky130_fd_sc_hd__or4_4)
                    0.1422    0.8137    7.1058 v _12015_/X (sky130_fd_sc_hd__or4_4)
     1    0.0023                                 _06483_ (net)
                    0.1422    0.0000    7.1058 v _12016_/D (sky130_fd_sc_hd__and4_4)
                    0.0774    0.3995    7.5053 v _12016_/X (sky130_fd_sc_hd__and4_4)
     3    0.0128                                 _06484_ (net)
                    0.0774    0.0000    7.5053 v _12017_/C (sky130_fd_sc_hd__or3_4)
                    0.1101    0.6294    8.1347 v _12017_/X (sky130_fd_sc_hd__or3_4)
     1    0.0023                                 _06485_ (net)
                    0.1101    0.0000    8.1347 v _12018_/C (sky130_fd_sc_hd__and3_4)
                    0.0709    0.3580    8.4928 v _12018_/X (sky130_fd_sc_hd__and3_4)
     2    0.0107                                 _06486_ (net)
                    0.0709    0.0000    8.4928 v _12019_/B (sky130_fd_sc_hd__or2_4)
                    0.0936    0.4516    8.9444 v _12019_/X (sky130_fd_sc_hd__or2_4)
     2    0.0086                                 _06487_ (net)
                    0.0936    0.0000    8.9444 v _12020_/B1 (sky130_fd_sc_hd__o21a_4)
                    0.0811    0.2420    9.1864 v _12020_/X (sky130_fd_sc_hd__o21a_4)
     2    0.0130                                 _06488_ (net)
                    0.0811    0.0000    9.1864 v _12032_/A1 (sky130_fd_sc_hd__o21a_4)
                    0.0580    0.3894    9.5758 v _12032_/X (sky130_fd_sc_hd__o21a_4)
     1    0.0041                                 _06500_ (net)
                    0.0580    0.0000    9.5758 v _12033_/B2 (sky130_fd_sc_hd__a32o_4)
                    0.0943    0.4942   10.0700 v _12033_/X (sky130_fd_sc_hd__a32o_4)
     3    0.0134                                 _06501_ (net)
                    0.0943    0.0000   10.0700 v _12034_/B2 (sky130_fd_sc_hd__o22a_4)
                    0.0695    0.3557   10.4257 v _12034_/X (sky130_fd_sc_hd__o22a_4)
     1    0.0043                                 _06502_ (net)
                    0.0695    0.0000   10.4257 v _12035_/A (sky130_fd_sc_hd__inv_2)
                    0.1097    0.1218   10.5475 ^ _12035_/Y (sky130_fd_sc_hd__inv_2)
     6    0.0137                                 _06503_ (net)
                    0.1097    0.0000   10.5475 ^ _15469_/A (sky130_fd_sc_hd__buf_2)
                    0.2194    0.3219   10.8694 ^ _15469_/X (sky130_fd_sc_hd__buf_2)
     6    0.0266                                 _09132_ (net)
                    0.2194    0.0000   10.8694 ^ _15617_/A1 (sky130_fd_sc_hd__a211o_4)
                    0.0558    0.2860   11.1553 ^ _15617_/X (sky130_fd_sc_hd__a211o_4)
     1    0.0046                                 _09248_ (net)
                    0.0558    0.0000   11.1553 ^ _15618_/A (sky130_fd_sc_hd__inv_2)
                    0.0176    0.0419   11.1972 v _15618_/Y (sky130_fd_sc_hd__inv_2)
     1    0.0014                                 _00173_ (net)
                    0.0176    0.0000   11.1972 v _19843_/D (sky130_fd_sc_hd__dfxtp_4)
                                       11.1972   data arrival time

                    0.0000   10.0000   10.0000   clock clk (rise edge)
                              0.0000   10.0000   clock network delay (ideal)
                              0.0000   10.0000   clock reconvergence pessimism
                                       10.0000 ^ _19843_/CLK (sky130_fd_sc_hd__dfxtp_4)
                             -0.2696    9.7304   library setup time
                                        9.7304   data required time
-------------------------------------------------------------------------------------
                                        9.7304   data required time
                                      -11.1972   data arrival time
-------------------------------------------------------------------------------------
                                       -1.4668   slack (VIOLATED)


