Startpoint: _19561_ (rising edge-triggered flip-flop clocked by clk)
Endpoint: _19560_ (rising edge-triggered flip-flop clocked by clk)
Path Group: clk
Path Type: min

Fanout       Cap      Slew     Delay      Time   Description
-------------------------------------------------------------------------------------
                    0.0000    0.0000    0.0000   clock clk (rise edge)
                              0.0000    0.0000   clock network delay (ideal)
                    0.0000    0.0000    0.0000 ^ _19561_/CLK (sky130_fd_sc_hd__dfxtp_4)
                    0.0982    1.3186    1.3186 v _19561_/Q (sky130_fd_sc_hd__dfxtp_4)
     1    0.0012                                 CPU_reset_a2 (net)
                    0.0982    0.0000    1.3186 v _19560_/D (sky130_fd_sc_hd__dfxtp_4)
                                        1.3186   data arrival time

                    0.0000    0.0000    0.0000   clock clk (rise edge)
                              0.0000    0.0000   clock network delay (ideal)
                              0.0000    0.0000   clock reconvergence pessimism
                                        0.0000 ^ _19560_/CLK (sky130_fd_sc_hd__dfxtp_4)
                             -0.2445   -0.2445   library hold time
                                       -0.2445   data required time
-------------------------------------------------------------------------------------
                                       -0.2445   data required time
                                       -1.3186   data arrival time
-------------------------------------------------------------------------------------
                                        1.5631   slack (MET)


Startpoint: _19483_ (rising edge-triggered flip-flop clocked by clk)
Endpoint: _19715_ (rising edge-triggered flip-flop clocked by clk)
Path Group: clk
Path Type: max

Fanout       Cap      Slew     Delay      Time   Description
-------------------------------------------------------------------------------------
                    0.0000    0.0000    0.0000   clock clk (rise edge)
                              0.0000    0.0000   clock network delay (ideal)
                    0.0000    0.0000    0.0000 ^ _19483_/CLK (sky130_fd_sc_hd__dfxtp_4)
                    0.1993    1.6025    1.6025 ^ _19483_/Q (sky130_fd_sc_hd__dfxtp_4)
     3    0.0096                                 CPU_src2_value_a3[1] (net)
                    0.1993    0.0000    1.6025 ^ _12000_/A (sky130_fd_sc_hd__inv_2)
                    0.0669    0.1658    1.7683 v _12000_/Y (sky130_fd_sc_hd__inv_2)
     3    0.0096                                 _06468_ (net)
                    0.0669    0.0000    1.7683 v _12003_/A (sky130_fd_sc_hd__or2_4)
                    0.2183    1.4386    3.2069 v _12003_/X (sky130_fd_sc_hd__or2_4)
     2    0.0073                                 _06471_ (net)
                    0.2183    0.0000    3.2069 v _12004_/B1 (sky130_fd_sc_hd__o21a_4)
                    0.1571    0.6536    3.8605 v _12004_/X (sky130_fd_sc_hd__o21a_4)
     2    0.0091                                 _06472_ (net)
                    0.1571    0.0000    3.8605 v _12005_/B (sky130_fd_sc_hd__or2_4)
                    0.2181    1.4160    5.2765 v _12005_/X (sky130_fd_sc_hd__or2_4)
     2    0.0073                                 _06473_ (net)
                    0.2181    0.0000    5.2765 v _12006_/B1 (sky130_fd_sc_hd__o21a_4)
                    0.1740    0.6765    5.9530 v _12006_/X (sky130_fd_sc_hd__o21a_4)
     3    0.0147                                 _06474_ (net)
                    0.1740    0.0000    5.9530 v _12007_/B2 (sky130_fd_sc_hd__o22a_4)
                    0.2044    1.2982    7.2512 v _12007_/X (sky130_fd_sc_hd__o22a_4)
     3    0.0147                                 _06475_ (net)
                    0.2044    0.0000    7.2512 v _12008_/B2 (sky130_fd_sc_hd__o22a_4)
                    0.1967    1.3010    8.5523 v _12008_/X (sky130_fd_sc_hd__o22a_4)
     3    0.0125                                 _06476_ (net)
                    0.1967    0.0000    8.5523 v _12009_/D (sky130_fd_sc_hd__or4_4)
                    0.4620    3.2097   11.7619 v _12009_/X (sky130_fd_sc_hd__or4_4)
     1    0.0019                                 _06477_ (net)
                    0.4620    0.0000   11.7619 v _12010_/D (sky130_fd_sc_hd__and4_4)
                    0.1707    1.2924   13.0543 v _12010_/X (sky130_fd_sc_hd__and4_4)
     4    0.0149                                 _06478_ (net)
                    0.1707    0.0000   13.0543 v _12011_/C (sky130_fd_sc_hd__or3_4)
                    0.3305    2.3031   15.3574 v _12011_/X (sky130_fd_sc_hd__or3_4)
     1    0.0019                                 _06479_ (net)
                    0.3305    0.0000   15.3574 v _12012_/D (sky130_fd_sc_hd__and4_4)
                    0.1710    1.2024   16.5598 v _12012_/X (sky130_fd_sc_hd__and4_4)
     4    0.0149                                 _06480_ (net)
                    0.1710    0.0000   16.5598 v _12013_/C (sky130_fd_sc_hd__or3_4)
                    0.3305    2.3032   18.8630 v _12013_/X (sky130_fd_sc_hd__or3_4)
     1    0.0019                                 _06481_ (net)
                    0.3305    0.0000   18.8630 v _12014_/D (sky130_fd_sc_hd__and4_4)
                    0.1632    1.1896   20.0526 v _12014_/X (sky130_fd_sc_hd__and4_4)
     3    0.0125                                 _06482_ (net)
                    0.1632    0.0000   20.0526 v _12015_/D (sky130_fd_sc_hd__or4_4)
                    0.4620    3.1966   23.2492 v _12015_/X (sky130_fd_sc_hd__or4_4)
     1    0.0019                                 _06483_ (net)
                    0.4620    0.0000   23.2492 v _12016_/D (sky130_fd_sc_hd__and4_4)
                    0.1578    1.2709   24.5201 v _12016_/X (sky130_fd_sc_hd__and4_4)
     3    0.0109                                 _06484_ (net)
                    0.1578    0.0000   24.5201 v _12017_/C (sky130_fd_sc_hd__or3_4)
                    0.3300    2.2981   26.8182 v _12017_/X (sky130_fd_sc_hd__or3_4)
     1    0.0020                                 _06485_ (net)
                    0.3300    0.0000   26.8182 v _12018_/C (sky130_fd_sc_hd__and3_4)
                    0.1465    1.1075   27.9257 v _12018_/X (sky130_fd_sc_hd__and3_4)
     2    0.0091                                 _06486_ (net)
                    0.1465    0.0000   27.9257 v _12019_/B (sky130_fd_sc_hd__or2_4)
                    0.2181    1.4104   29.3360 v _12019_/X (sky130_fd_sc_hd__or2_4)
     2    0.0073                                 _06487_ (net)
                    0.2181    0.0000   29.3360 v _12020_/B1 (sky130_fd_sc_hd__o21a_4)
                    0.1628    0.6614   29.9975 v _12020_/X (sky130_fd_sc_hd__o21a_4)
     2    0.0110                                 _06488_ (net)
                    0.1628    0.0000   29.9975 v _12032_/A1 (sky130_fd_sc_hd__o21a_4)
                    0.1380    1.2357   31.2332 v _12032_/X (sky130_fd_sc_hd__o21a_4)
     1    0.0036                                 _06500_ (net)
                    0.1380    0.0000   31.2332 v _12033_/B2 (sky130_fd_sc_hd__a32o_4)
                    0.1816    1.3873   32.6204 v _12033_/X (sky130_fd_sc_hd__a32o_4)
     3    0.0116                                 _06501_ (net)
                    0.1816    0.0000   32.6204 v _12034_/B2 (sky130_fd_sc_hd__o22a_4)
                    0.1628    1.2229   33.8434 v _12034_/X (sky130_fd_sc_hd__o22a_4)
     1    0.0036                                 _06502_ (net)
                    0.1628    0.0000   33.8434 v _12035_/A (sky130_fd_sc_hd__inv_2)
                    0.2521    0.3158   34.1592 ^ _12035_/Y (sky130_fd_sc_hd__inv_2)
     6    0.0117                                 _06503_ (net)
                    0.2521    0.0000   34.1592 ^ _15469_/A (sky130_fd_sc_hd__buf_2)
                    0.5171    0.7006   34.8598 ^ _15469_/X (sky130_fd_sc_hd__buf_2)
     6    0.0228                                 _09132_ (net)
                    0.5171    0.0000   34.8598 ^ _16068_/A1 (sky130_fd_sc_hd__a211o_4)
                    0.1044    0.5639   35.4237 ^ _16068_/X (sky130_fd_sc_hd__a211o_4)
     1    0.0039                                 _09571_ (net)
                    0.1044    0.0000   35.4237 ^ _16069_/A (sky130_fd_sc_hd__inv_2)
                    0.0201    0.0791   35.5029 v _16069_/Y (sky130_fd_sc_hd__inv_2)
     1    0.0012                                 _00045_ (net)
                    0.0201    0.0000   35.5029 v _19715_/D (sky130_fd_sc_hd__dfxtp_4)
                                       35.5029   data arrival time

                    0.0000   10.0000   10.0000   clock clk (rise edge)
                              0.0000   10.0000   clock network delay (ideal)
                              0.0000   10.0000   clock reconvergence pessimism
                                       10.0000 ^ _19715_/CLK (sky130_fd_sc_hd__dfxtp_4)
                             -1.0076    8.9924   library setup time
                                        8.9924   data required time
-------------------------------------------------------------------------------------
                                        8.9924   data required time
                                      -35.5029   data arrival time
-------------------------------------------------------------------------------------
                                      -26.5104   slack (VIOLATED)


